#
# A fatal error has been detected by the Java Runtime Environment:
#
#  SIGSEGV (0xb) at pc=0x00007f38045fb1fb, pid=19525, tid=139878096484096
#
# JRE version: 7.0_21-b11
# Java VM: Java HotSpot(TM) 64-Bit Server VM (23.21-b01 mixed mode linux-amd64 compressed oops)
# Problematic frame:
# C  [libc.so.6+0x14e1fb]  __nss_hosts_lookup+0x1c8ab
#
# Failed to write core dump. Core dumps have been disabled. To enable core dumping, try "ulimit -c unlimited" before starting Java again
#
# If you would like to submit a bug report, please visit:
#   http://bugreport.sun.com/bugreport/crash.jsp
# The crash happened outside the Java Virtual Machine in native code.
# See problematic frame for where to report the bug.
#

---------------  T H R E A D  ---------------

Current thread (0x00007f378401f000):  JavaThread "Shutdown" [_thread_in_native, id=23653, stack(0x00007f37e830b000,0x00007f37e840c000)]

siginfo:si_signo=SIGSEGV: si_errno=0, si_code=2 (SEGV_ACCERR), si_addr=0x00007f37e9217000

Registers:
RAX=0x00007f3778600360, RBX=0x000000000000622f, RCX=0x0000000000008000, RDX=0x000000000000221f
RSP=0x00007f37e8408758, RBP=0x00007f37e84087b0, RSI=0x00007f37e9216ff8, RDI=0x00007f3778604270
R8 =0x00007f3778600360, R9 =0x00007f38045fb1f0, R10=0x0000000000001011, R11=0x00007f3804631350
R12=0x00007f37e9205ce2, R13=0x00007f3778498420, R14=0x0000000000006472, R15=0x00007f37fc6e2490
RIP=0x00007f38045fb1fb, EFLAGS=0x0000000000010202, CSGSFS=0x0000000000000033, ERR=0x0000000000000004
  TRAPNO=0x000000000000000e

Top of Stack: (sp=0x00007f37e8408758)
0x00007f37e8408758:   00007f3801e2fcce 00000000ac600d10
0x00007f37e8408768:   622f723700000000 0000000000006f66
0x00007f37e8408778:   000000002f656765 00007f3778498420
0x00007f37e8408788:   00007f37fc71e398 00007f37fc6e2490
0x00007f37e8408798:   00007f377c0391f0 000000008702f2b6
0x00007f37e84087a8:   00007f37e8408810 00007f37e84087f0
0x00007f37e84087b8:   00007f3801e301c8 00000048e84087f0
0x00007f37e84087c8:   00007f37e8408810 0000000000000048
0x00007f37e84087d8:   00007f378401f1d8 00007f37e8408810
0x00007f37e84087e8:   00007f37e8408c68 00007f37e8408c50
0x00007f37e84087f8:   00007f3801e2effd 0100000000000000
0x00007f37e8408808:   00007f37fc6e2490 6e6174732f756465
0x00007f37e8408818:   696d622f64726f66 6765746f72702f72
0x00007f37e8408828:   65732f6265772f65 6c776f2f72657672
0x00007f37e8408838:   414c574f2f697061 72506174654d4950
0x00007f37e8408848:   6f74537463656a6f 7373616c632e6572
0x00007f37e8408858:   0000000000000000 0000000000000000
0x00007f37e8408868:   0000000000000000 0000000000000000
0x00007f37e8408878:   0000000000000000 0000000000000000
0x00007f37e8408888:   0000000000000000 0000000000000000
0x00007f37e8408898:   0000000000000000 0000000000000000
0x00007f37e84088a8:   0000000000000000 0000000000000000
0x00007f37e84088b8:   0000000000000000 0000000000000000
0x00007f37e84088c8:   0000000000000000 0000000000000000
0x00007f37e84088d8:   0000000000000000 0000000000000000
0x00007f37e84088e8:   0000000000000000 0000000000000000
0x00007f37e84088f8:   0000000000000000 0000000000000000
0x00007f37e8408908:   0000000000000000 0000000000000000
0x00007f37e8408918:   0000000000000000 0000000000000000
0x00007f37e8408928:   0000000000000000 0000000000000000
0x00007f37e8408938:   0000000000000000 0000000000000000
0x00007f37e8408948:   0000000000000000 0000003000000010 

Instructions: (pc=0x00007f38045fb1fb)
0x00007f38045fb1db:   63 14 93 49 8d 14 13 ff e2 0f 0b 66 2e 0f 1f 84
0x00007f38045fb1eb:   00 00 00 00 00 48 81 ea 80 00 00 00 0f 28 4e f8
0x00007f38045fb1fb:   0f 28 56 08 0f 28 5e 18 0f 28 66 28 0f 28 6e 38
0x00007f38045fb20b:   0f 28 76 48 0f 28 7e 58 44 0f 28 46 68 44 0f 28 

Register to memory mapping:

RAX=0x00007f3778600360 is an unknown value
RBX=0x000000000000622f is an unknown value
RCX=0x0000000000008000 is an unknown value
RDX=0x000000000000221f is an unknown value
RSP=0x00007f37e8408758 is pointing into the stack for thread: 0x00007f378401f000
RBP=0x00007f37e84087b0 is pointing into the stack for thread: 0x00007f378401f000
RSI=0x00007f37e9216ff8 is an unknown value
RDI=0x00007f3778604270 is an unknown value
R8 =0x00007f3778600360 is an unknown value
R9 =0x00007f38045fb1f0: <offset 0x14e1f0> in /lib/x86_64-linux-gnu/libc.so.6 at 0x00007f38044ad000
R10=0x0000000000001011 is an unknown value
R11=0x00007f3804631350: <offset 0x184350> in /lib/x86_64-linux-gnu/libc.so.6 at 0x00007f38044ad000
R12=0x00007f37e9205ce2 is an unknown value
R13=0x00007f3778498420 is an unknown value
R14=0x0000000000006472 is an unknown value
R15=0x00007f37fc6e2490 is an unknown value


Stack: [0x00007f37e830b000,0x00007f37e840c000],  sp=0x00007f37e8408758,  free space=1013k
Native frames: (J=compiled Java code, j=interpreted, Vv=VM code, C=native code)
C  [libc.so.6+0x14e1fb]  __nss_hosts_lookup+0x1c8ab
C  [libzip.so+0x51c8]  ZIP_GetEntry+0xd8
C  [libzip.so+0x3ffd]  Java_java_util_zip_ZipFile_getEntry+0xad
J  java.util.zip.ZipFile.getEntry(J[BZ)J

Java frames: (J=compiled Java code, j=interpreted, Vv=VM code)
J  java.util.zip.ZipFile.getEntry(J[BZ)J
J  sun.misc.URLClassPath.getResource(Ljava/lang/String;Z)Lsun/misc/Resource;
j  java.net.URLClassLoader$1.run()Ljava/lang/Class;+26
j  java.net.URLClassLoader$1.run()Ljava/lang/Object;+1
v  ~StubRoutines::call_stub
j  java.security.AccessController.doPrivileged(Ljava/security/PrivilegedExceptionAction;Ljava/security/AccessControlContext;)Ljava/lang/Object;+0
j  java.net.URLClassLoader.findClass(Ljava/lang/String;)Ljava/lang/Class;+13
j  com.google.gwt.dev.shell.jetty.JettyLauncher$WebAppContextWithReload$WebAppClassLoaderExtension.findClass(Ljava/lang/String;)Ljava/lang/Class;+23
j  org.mortbay.jetty.webapp.WebAppClassLoader.loadClass(Ljava/lang/String;Z)Ljava/lang/Class;+96
j  org.mortbay.jetty.webapp.WebAppClassLoader.loadClass(Ljava/lang/String;)Ljava/lang/Class;+3
v  ~StubRoutines::call_stub
j  edu.stanford.bmir.protege.web.server.WebProtegeInitializer.contextDestroyed(Ljavax/servlet/ServletContextEvent;)V+0
j  org.mortbay.jetty.handler.ContextHandler.doStop()V+102
j  org.mortbay.jetty.webapp.WebAppContext.doStop()V+1
j  com.google.gwt.dev.shell.jetty.JettyLauncher$WebAppContextWithReload.doStop()V+1
j  org.mortbay.component.AbstractLifeCycle.stop()V+22
j  org.mortbay.jetty.handler.HandlerWrapper.doStop()V+15
j  org.mortbay.jetty.handler.RequestLogHandler.doStop()V+1
j  org.mortbay.component.AbstractLifeCycle.stop()V+22
j  org.mortbay.jetty.handler.HandlerWrapper.doStop()V+15
j  org.mortbay.jetty.Server.doStop()V+236
j  org.mortbay.component.AbstractLifeCycle.stop()V+22
j  org.mortbay.jetty.Server$ShutdownHookThread.run()V+46
v  ~StubRoutines::call_stub

---------------  P R O C E S S  ---------------

Java Threads: ( => current thread )
  0x00007f37d0002000 JavaThread "SIGTERM handler" daemon [_thread_blocked, id=23655, stack(0x00007f37e8109000,0x00007f37e820a000)]
=>0x00007f378401f000 JavaThread "Shutdown" [_thread_in_native, id=23653, stack(0x00007f37e830b000,0x00007f37e840c000)]
  0x00007f378402a800 JavaThread "Thread-3" [_thread_in_native, id=23649, stack(0x00007f37e8a12000,0x00007f37e8b13000)]
  0x00007f37d0001000 JavaThread "SIGINT handler" daemon [_thread_blocked, id=23646, stack(0x00007f37f0bba000,0x00007f37f0cbb000)]
  0x00007f377c035800 JavaThread "btpool0-9" [_thread_blocked, id=21658, stack(0x00007f37e850d000,0x00007f37e860e000)]
  0x00007f3778175000 JavaThread "MongoCleaner1276280357" daemon [_thread_blocked, id=19657, stack(0x00007f37ea9a4000,0x00007f37eaaa5000)]
  0x00007f37781a9800 JavaThread "Timer-2" daemon [_thread_blocked, id=19629, stack(0x00007f37e8911000,0x00007f37e8a12000)]
  0x00007f37ac03f800 JavaThread "Code server for webprotege from Mozilla/5.0 (X11; Linux x86_64) AppleWebKit/537.36 (KHTML, like Gecko) Chrome/29.0.1547.65 Safari/537.36 on http://127.0.0.1:8888/WebProtege.html?gwt.codesvr=127.0.0.1:9997 @ tEh}A7dEQhw5CPzk" daemon [_thread_in_native, id=19570, stack(0x00007f37e870f000,0x00007f37e8810000)]
  0x00007f379c01a800 JavaThread "TimerQueue" daemon [_thread_blocked, id=19563, stack(0x00007f37eaaa5000,0x00007f37eaba6000)]
  0x00007f37fca1a800 JavaThread "MongoCleaner798744415" daemon [_thread_blocked, id=19561, stack(0x00007f37e8d84000,0x00007f37e8e85000)]
  0x00007f37fc627800 JavaThread "btpool0-1" [_thread_blocked, id=19559, stack(0x00007f37e9217000,0x00007f37e9318000)]
  0x00007f37fc584800 JavaThread "GC Daemon" daemon [_thread_blocked, id=19557, stack(0x00007f37e9e89000,0x00007f37e9f8a000)]
  0x00007f37fc4be000 JavaThread "Code server listener" daemon [_thread_in_native, id=19555, stack(0x00007f37e9c87000,0x00007f37e9d88000)]
  0x00007f37fc48b000 JavaThread "AWT-EventQueue-0" [_thread_blocked, id=19549, stack(0x00007f37eaba6000,0x00007f37eaca7000)]
  0x00007f37fc489800 JavaThread "AWT-Shutdown" [_thread_blocked, id=19548, stack(0x00007f37eaca7000,0x00007f37eada8000)]
  0x00007f37fc486000 JavaThread "AWT-XAWT" daemon [_thread_in_native, id=19547, stack(0x00007f37eada8000,0x00007f37eaea9000)]
  0x00007f37fc45a000 JavaThread "Java2D Disposer" daemon [_thread_blocked, id=19546, stack(0x00007f37eb2b9000,0x00007f37eb3ba000)]
  0x00007f37fc105000 JavaThread "Service Thread" daemon [_thread_blocked, id=19543, stack(0x00007f37f132d000,0x00007f37f142e000)]
  0x00007f37fc102800 JavaThread "C2 CompilerThread1" daemon [_thread_blocked, id=19542, stack(0x00007f37f142e000,0x00007f37f152f000)]
  0x00007f37fc0ff800 JavaThread "C2 CompilerThread0" daemon [_thread_blocked, id=19541, stack(0x00007f37f152f000,0x00007f37f1630000)]
  0x00007f37fc0fd800 JavaThread "JDWP Event Helper Thread" daemon [_thread_blocked, id=19540, stack(0x00007f37f80ad000,0x00007f37f81ae000)]
  0x00007f37fc0fa000 JavaThread "JDWP Transport Listener: dt_socket" daemon [_thread_in_native, id=19539, stack(0x00007f37f81ae000,0x00007f37f82af000)]
  0x00007f37fc0ec000 JavaThread "Signal Dispatcher" daemon [_thread_blocked, id=19538, stack(0x00007f37f84b3000,0x00007f37f85b4000)]
  0x00007f37fc0a0000 JavaThread "Finalizer" daemon [_thread_blocked, id=19537, stack(0x00007f37f85b4000,0x00007f37f86b5000)]
  0x00007f37fc09e000 JavaThread "Reference Handler" daemon [_thread_blocked, id=19536, stack(0x00007f37f86b5000,0x00007f37f87b6000)]
  0x00007f37fc00d000 JavaThread "main" [_thread_blocked, id=19528, stack(0x00007f3804fa2000,0x00007f38050a3000)]

Other Threads:
  0x00007f37fc096800 VMThread [stack: 0x00007f37f87b6000,0x00007f37f88b7000] [id=19535]
  0x00007f37fc117800 WatcherThread [stack: 0x00007f37f122c000,0x00007f37f132d000] [id=19544]

VM state:not at safepoint (normal execution)

VM Mutex/Monitor currently owned by a thread: None

Heap
 PSYoungGen      total 360512K, used 191886K [0x00000000e5d60000, 0x00000000ff220000, 0x0000000100000000)
  eden space 314112K, 61% used [0x00000000e5d60000,0x00000000f18c3b38,0x00000000f9020000)
  from space 46400K, 0% used [0x00000000fc4d0000,0x00000000fc4d0000,0x00000000ff220000)
  to   space 50176K, 0% used [0x00000000f9020000,0x00000000f9020000,0x00000000fc120000)
 ParOldGen       total 682688K, used 251048K [0x00000000b1800000, 0x00000000db2b0000, 0x00000000e5d60000)
  object space 682688K, 36% used [0x00000000b1800000,0x00000000c0d2a028,0x00000000db2b0000)
 PSPermGen       total 75456K, used 75455K [0x00000000ac600000, 0x00000000b0fb0000, 0x00000000b1800000)
  object space 75456K, 99% used [0x00000000ac600000,0x00000000b0fafd70,0x00000000b0fb0000)

Card table byte_map: [0x00007f3801b8d000,0x00007f3801e2b000] byte_map_base: 0x00007f380162a000

Polling page: 0x00007f38050c3000

Code Cache  [0x00007f37f9000000, 0x00007f37f9f60000, 0x00007f37fc000000)
 total_blobs=4233 nmethods=3580 adapters=607 free_code_cache=33628Kb largest_free_block=34261120

Compilation events (10 events):
Event: 29742.177 Thread 0x00007f37fc0ff800 4048             java.util.concurrent.ConcurrentHashMap$HashIterator::nextEntry (40 bytes)
Event: 29742.187 Thread 0x00007f37fc0ff800 nmethod 4048 0x00007f37f91eac90 code [0x00007f37f91eade0, 0x00007f37f91eaff8]
Event: 29757.879 Thread 0x00007f37fc102800 4049             com.google.gwt.dev.SwingUI$SwingModuleHandle::getLogger (8 bytes)
Event: 29757.880 Thread 0x00007f37fc102800 nmethod 4049 0x00007f37f91a9690 code [0x00007f37f91a97e0, 0x00007f37f91a98b8]
Event: 29787.183 Thread 0x00007f37fc0ff800 4050             java.util.concurrent.ConcurrentHashMap$ValueIterator::next (8 bytes)
Event: 29787.186 Thread 0x00007f37fc0ff800 nmethod 4050 0x00007f37f98ea250 code [0x00007f37f98ea3a0, 0x00007f37f98ea5d8]
Event: 31827.582 Thread 0x00007f37fc102800 4051   !         com.mongodb.DBApiLayer::cleanCursors (288 bytes)
Event: 31827.584 Thread 0x00007f37fc102800 nmethod 4051 0x00007f37f95d1110 code [0x00007f37f95d1260, 0x00007f37f95d13b8]
Event: 31999.794 Thread 0x00007f37fc0ff800 4052             org.mortbay.jetty.HttpFields$Field::access$100 (5 bytes)
Event: 31999.796 Thread 0x00007f37fc0ff800 nmethod 4052 0x00007f37f9af5390 code [0x00007f37f9af54c0, 0x00007f37f9af5538]

GC Heap History (10 events):
Event: 461.767 GC heap before
{Heap before GC invocations=39 (full 2):
 PSYoungGen      total 354176K, used 290464K [0x00000000e5d60000, 0x00000000ff5d0000, 0x0000000100000000)
  eden space 289600K, 100% used [0x00000000e5d60000,0x00000000f7830000,0x00000000f7830000)
  from space 64576K, 1% used [0x00000000fb6c0000,0x00000000fb798020,0x00000000ff5d0000)
  to   space 64064K, 0% used [0x00000000f7830000,0x00000000f7830000,0x00000000fb6c0000)
 ParOldGen       total 682688K, used 291929K [0x00000000b1800000, 0x00000000db2b0000, 0x00000000e5d60000)
  object space 682688K, 42% used [0x00000000b1800000,0x00000000c35164a0,0x00000000db2b0000)
 PSPermGen       total 75264K, used 75219K [0x00000000ac600000, 0x00000000b0f80000, 0x00000000b1800000)
  object space 75264K, 99% used [0x00000000ac600000,0x00000000b0f74f68,0x00000000b0f80000)
Event: 461.774 GC heap after
Heap after GC invocations=39 (full 2):
 PSYoungGen      total 353664K, used 160K [0x00000000e5d60000, 0x00000000ff900000, 0x0000000100000000)
  eden space 289600K, 0% used [0x00000000e5d60000,0x00000000e5d60000,0x00000000f7830000)
  from space 64064K, 0% used [0x00000000f7830000,0x00000000f7858000,0x00000000fb6c0000)
  to   space 60736K, 0% used [0x00000000fbdb0000,0x00000000fbdb0000,0x00000000ff900000)
 ParOldGen       total 682688K, used 292681K [0x00000000b1800000, 0x00000000db2b0000, 0x00000000e5d60000)
  object space 682688K, 42% used [0x00000000b1800000,0x00000000c35d24c0,0x00000000db2b0000)
 PSPermGen       total 75264K, used 75219K [0x00000000ac600000, 0x00000000b0f80000, 0x00000000b1800000)
  object space 75264K, 99% used [0x00000000ac600000,0x00000000b0f74f68,0x00000000b0f80000)
}
Event: 512.731 GC heap before
{Heap before GC invocations=40 (full 2):
 PSYoungGen      total 353664K, used 289760K [0x00000000e5d60000, 0x00000000ff900000, 0x0000000100000000)
  eden space 289600K, 100% used [0x00000000e5d60000,0x00000000f7830000,0x00000000f7830000)
  from space 64064K, 0% used [0x00000000f7830000,0x00000000f7858000,0x00000000fb6c0000)
  to   space 60736K, 0% used [0x00000000fbdb0000,0x00000000fbdb0000,0x00000000ff900000)
 ParOldGen       total 682688K, used 292681K [0x00000000b1800000, 0x00000000db2b0000, 0x00000000e5d60000)
  object space 682688K, 42% used [0x00000000b1800000,0x00000000c35d24c0,0x00000000db2b0000)
 PSPermGen       total 75264K, used 75244K [0x00000000ac600000, 0x00000000b0f80000, 0x00000000b1800000)
  object space 75264K, 99% used [0x00000000ac600000,0x00000000b0f7b008,0x00000000b0f80000)
Event: 512.739 GC heap after
Heap after GC invocations=40 (full 2):
 PSYoungGen      total 361024K, used 1920K [0x00000000e5d60000, 0x00000000ff5c0000, 0x0000000100000000)
  eden space 303616K, 0% used [0x00000000e5d60000,0x00000000e5d60000,0x00000000f85e0000)
  from space 57408K, 3% used [0x00000000fbdb0000,0x00000000fbf90000,0x00000000ff5c0000)
  to   space 57152K, 0% used [0x00000000f85e0000,0x00000000f85e0000,0x00000000fbdb0000)
 ParOldGen       total 682688K, used 292713K [0x00000000b1800000, 0x00000000db2b0000, 0x00000000e5d60000)
  object space 682688K, 42% used [0x00000000b1800000,0x00000000c35da4c0,0x00000000db2b0000)
 PSPermGen       total 75264K, used 75244K [0x00000000ac600000, 0x00000000b0f80000, 0x00000000b1800000)
  object space 75264K, 99% used [0x00000000ac600000,0x00000000b0f7b008,0x00000000b0f80000)
}
Event: 512.819 GC heap before
{Heap before GC invocations=41 (full 2):
 PSYoungGen      total 361024K, used 305536K [0x00000000e5d60000, 0x00000000ff5c0000, 0x0000000100000000)
  eden space 303616K, 100% used [0x00000000e5d60000,0x00000000f85e0000,0x00000000f85e0000)
  from space 57408K, 3% used [0x00000000fbdb0000,0x00000000fbf90000,0x00000000ff5c0000)
  to   space 57152K, 0% used [0x00000000f85e0000,0x00000000f85e0000,0x00000000fbdb0000)
 ParOldGen       total 682688K, used 292713K [0x00000000b1800000, 0x00000000db2b0000, 0x00000000e5d60000)
  object space 682688K, 42% used [0x00000000b1800000,0x00000000c35da4c0,0x00000000db2b0000)
 PSPermGen       total 75264K, used 75244K [0x00000000ac600000, 0x00000000b0f80000, 0x00000000b1800000)
  object space 75264K, 99% used [0x00000000ac600000,0x00000000b0f7b008,0x00000000b0f80000)
Event: 512.827 GC heap after
Heap after GC invocations=41 (full 2):
 PSYoungGen      total 360768K, used 64K [0x00000000e5d60000, 0x00000000ff980000, 0x0000000100000000)
  eden space 303616K, 0% used [0x00000000e5d60000,0x00000000e5d60000,0x00000000f85e0000)
  from space 57152K, 0% used [0x00000000f85e0000,0x00000000f85f0000,0x00000000fbdb0000)
  to   space 53952K, 0% used [0x00000000fc4d0000,0x00000000fc4d0000,0x00000000ff980000)
 ParOldGen       total 682688K, used 294285K [0x00000000b1800000, 0x00000000db2b0000, 0x00000000e5d60000)
  object space 682688K, 43% used [0x00000000b1800000,0x00000000c37634d0,0x00000000db2b0000)
 PSPermGen       total 75264K, used 75244K [0x00000000ac600000, 0x00000000b0f80000, 0x00000000b1800000)
  object space 75264K, 99% used [0x00000000ac600000,0x00000000b0f7b008,0x00000000b0f80000)
}
Event: 28957.058 GC heap before
{Heap before GC invocations=42 (full 2):
 PSYoungGen      total 360768K, used 262269K [0x00000000e5d60000, 0x00000000ff980000, 0x0000000100000000)
  eden space 303616K, 86% used [0x00000000e5d60000,0x00000000f5d6f700,0x00000000f85e0000)
  from space 57152K, 0% used [0x00000000f85e0000,0x00000000f85f0000,0x00000000fbdb0000)
  to   space 53952K, 0% used [0x00000000fc4d0000,0x00000000fc4d0000,0x00000000ff980000)
 ParOldGen       total 682688K, used 294285K [0x00000000b1800000, 0x00000000db2b0000, 0x00000000e5d60000)
  object space 682688K, 43% used [0x00000000b1800000,0x00000000c37634d0,0x00000000db2b0000)
 PSPermGen       total 75456K, used 75373K [0x00000000ac600000, 0x00000000b0fb0000, 0x00000000b1800000)
  object space 75456K, 99% used [0x00000000ac600000,0x00000000b0f9b610,0x00000000b0fb0000)
Event: 28957.072 GC heap after
Heap after GC invocations=42 (full 2):
 PSYoungGen      total 360512K, used 4064K [0x00000000e5d60000, 0x00000000ff220000, 0x0000000100000000)
  eden space 314112K, 0% used [0x00000000e5d60000,0x00000000e5d60000,0x00000000f9020000)
  from space 46400K, 8% used [0x00000000fc4d0000,0x00000000fc8c8080,0x00000000ff220000)
  to   space 50176K, 0% used [0x00000000f9020000,0x00000000f9020000,0x00000000fc120000)
 ParOldGen       total 682688K, used 294317K [0x00000000b1800000, 0x00000000db2b0000, 0x00000000e5d60000)
  object space 682688K, 43% used [0x00000000b1800000,0x00000000c376b4d0,0x00000000db2b0000)
 PSPermGen       total 75456K, used 75373K [0x00000000ac600000, 0x00000000b0fb0000, 0x00000000b1800000)
  object space 75456K, 99% used [0x00000000ac600000,0x00000000b0f9b610,0x00000000b0fb0000)
}
Event: 28957.072 GC heap before
{Heap before GC invocations=43 (full 3):
 PSYoungGen      total 360512K, used 4064K [0x00000000e5d60000, 0x00000000ff220000, 0x0000000100000000)
  eden space 314112K, 0% used [0x00000000e5d60000,0x00000000e5d60000,0x00000000f9020000)
  from space 46400K, 8% used [0x00000000fc4d0000,0x00000000fc8c8080,0x00000000ff220000)
  to   space 50176K, 0% used [0x00000000f9020000,0x00000000f9020000,0x00000000fc120000)
 ParOldGen       total 682688K, used 294317K [0x00000000b1800000, 0x00000000db2b0000, 0x00000000e5d60000)
  object space 682688K, 43% used [0x00000000b1800000,0x00000000c376b4d0,0x00000000db2b0000)
 PSPermGen       total 75456K, used 75373K [0x00000000ac600000, 0x00000000b0fb0000, 0x00000000b1800000)
  object space 75456K, 99% used [0x00000000ac600000,0x00000000b0f9b610,0x00000000b0fb0000)
Event: 28957.973 GC heap after
Heap after GC invocations=43 (full 3):
 PSYoungGen      total 360512K, used 0K [0x00000000e5d60000, 0x00000000ff220000, 0x0000000100000000)
  eden space 314112K, 0% used [0x00000000e5d60000,0x00000000e5d60000,0x00000000f9020000)
  from space 46400K, 0% used [0x00000000fc4d0000,0x00000000fc4d0000,0x00000000ff220000)
  to   space 50176K, 0% used [0x00000000f9020000,0x00000000f9020000,0x00000000fc120000)
 ParOldGen       total 682688K, used 251048K [0x00000000b1800000, 0x00000000db2b0000, 0x00000000e5d60000)
  object space 682688K, 36% used [0x00000000b1800000,0x00000000c0d2a028,0x00000000db2b0000)
 PSPermGen       total 75456K, used 74693K [0x00000000ac600000, 0x00000000b0fb0000, 0x00000000b1800000)
  object space 75456K, 98% used [0x00000000ac600000,0x00000000b0ef1410,0x00000000b0fb0000)
}

Deoptimization events (10 events):
Event: 29537.292 Thread 0x00007f377c035800 Uncommon trap -83 fr.pc 0x00007f37f98cb0a8
Event: 29537.292 Thread 0x00007f377c035800 Uncommon trap -83 fr.pc 0x00007f37f9f02204
Event: 29537.292 Thread 0x00007f377c035800 Uncommon trap -83 fr.pc 0x00007f37f9f2b5c4
Event: 29537.294 Thread 0x00007f377c035800 Uncommon trap -58 fr.pc 0x00007f37f915701c
Event: 29537.294 Thread 0x00007f377c035800 Uncommon trap -58 fr.pc 0x00007f37f915701c
Event: 29537.294 Thread 0x00007f377c035800 Uncommon trap -58 fr.pc 0x00007f37f915701c
Event: 29537.294 Thread 0x00007f377c035800 Uncommon trap -58 fr.pc 0x00007f37f915701c
Event: 29537.296 Thread 0x00007f377c035800 Uncommon trap -58 fr.pc 0x00007f37f9bcc724
Event: 32004.825 Thread 0x00007f37d0001000 Uncommon trap -83 fr.pc 0x00007f37f9ef9648
Event: 32005.067 Thread 0x00007f37fc4ab000 Uncommon trap -83 fr.pc 0x00007f37f924f240

Internal exceptions (10 events):
Event: 29530.982 Thread 0x00007f3774799800 Threw 0x00000000e8900228 at /HUDSON/workspace/jdk7u21-2-build-linux-amd64-product/jdk7u21/hotspot/src/share/vm/prims/jni.cpp:1631
Event: 29530.984 Thread 0x00007f37fc4ab000 Threw 0x00000000e8b62618 at /HUDSON/workspace/jdk7u21-2-build-linux-amd64-product/jdk7u21/hotspot/src/share/vm/prims/jni.cpp:1631
Event: 29535.443 Thread 0x00007f377c035800 Threw 0x00000000e8d3b360 at /HUDSON/workspace/jdk7u21-2-build-linux-amd64-product/jdk7u21/hotspot/src/share/vm/prims/jvm.cpp:1166
Event: 29535.774 Thread 0x00007f377c035800 Implicit null exception at 0x00007f37f96d644b to 0x00007f37f96d7131
Event: 29536.160 Thread 0x00007f377c035800 Implicit null exception at 0x00007f37f9d6adfb to 0x00007f37f9d6b93d
Event: 29536.207 Thread 0x00007f377c035800 Implicit null exception at 0x00007f37f9d7afab to 0x00007f37f9d7c1ad
Event: 29536.945 Thread 0x00007f377c035800 Implicit null exception at 0x00007f37f91b453d to 0x00007f37f91b489d
Event: 29536.946 Thread 0x00007f377c035800 Implicit null exception at 0x00007f37f90c772c to 0x00007f37f90c78e1
Event: 29536.947 Thread 0x00007f377c035800 Implicit null exception at 0x00007f37f9452669 to 0x00007f37f94527fd
Event: 29537.292 Thread 0x00007f377c035800 Implicit null exception at 0x00007f37f9f0b044 to 0x00007f37f9f0b3c5

Events (10 events):
Event: 32004.826 Thread 0x00007f378402d800 Thread exited: 0x00007f378402d800
Event: 32004.826 Thread 0x00007f37d0002000 Thread added: 0x00007f37d0002000
Event: 32004.826 Thread 0x00007f378c007800 Thread exited: 0x00007f378c007800
Event: 32004.827 Thread 0x00007f37fc8b6000 Thread exited: 0x00007f37fc8b6000
Event: 32004.827 loading class 0x00007f37fc72eec0
Event: 32004.827 loading class 0x00007f37fc72eec0 done
Event: 32005.067 Thread 0x00007f37fc4ab000 DEOPT PACKING pc=0x00007f37f924f240 sp=0x00007f37ea089730
Event: 32005.067 Thread 0x00007f37fc4ab000 DEOPT UNPACKING pc=0x00007f37f9039145 sp=0x00007f37ea0896e8 mode 2
Event: 32005.074 Thread 0x00007f37fc4ab000 Thread exited: 0x00007f37fc4ab000
Event: 32005.074 Thread 0x00007f3784021800 Thread exited: 0x00007f3784021800


Dynamic libraries:
00400000-00401000 r-xp 00000000 07:00 401422                             /home/reumerman/jdk1.7.0_21/jre/bin/java
00600000-00601000 rw-p 00000000 07:00 401422                             /home/reumerman/jdk1.7.0_21/jre/bin/java
022b4000-02361000 rw-p 00000000 00:00 0                                  [heap]
ac600000-b0fb0000 rw-p 00000000 00:00 0 
b0fb0000-b1800000 rw-p 00000000 00:00 0 
b1800000-db2b0000 rw-p 00000000 00:00 0 
db2b0000-e5d60000 rw-p 00000000 00:00 0 
e5d60000-ff220000 rw-p 00000000 00:00 0 
ff220000-100000000 ---p 00000000 00:00 0 
7f376c000000-7f376fa84000 rw-p 00000000 00:00 0 
7f376fa84000-7f3770000000 ---p 00000000 00:00 0 
7f3770000000-7f377316a000 rw-p 00000000 00:00 0 
7f377316a000-7f3774000000 ---p 00000000 00:00 0 
7f3774000000-7f37749f3000 rw-p 00000000 00:00 0 
7f37749f3000-7f3778000000 ---p 00000000 00:00 0 
7f3778000000-7f3778cd6000 rw-p 00000000 00:00 0 
7f3778cd6000-7f377c000000 ---p 00000000 00:00 0 
7f377c000000-7f377c0dc000 rw-p 00000000 00:00 0 
7f377c0dc000-7f3780000000 ---p 00000000 00:00 0 
7f3780000000-7f37801a2000 rw-p 00000000 00:00 0 
7f37801a2000-7f3784000000 ---p 00000000 00:00 0 
7f3784000000-7f3784030000 rw-p 00000000 00:00 0 
7f3784030000-7f3788000000 ---p 00000000 00:00 0 
7f3788000000-7f3788028000 rw-p 00000000 00:00 0 
7f3788028000-7f378c000000 ---p 00000000 00:00 0 
7f378c000000-7f378c08f000 rw-p 00000000 00:00 0 
7f378c08f000-7f3790000000 ---p 00000000 00:00 0 
7f3790000000-7f3790094000 rw-p 00000000 00:00 0 
7f3790094000-7f3794000000 ---p 00000000 00:00 0 
7f3794000000-7f379404d000 rw-p 00000000 00:00 0 
7f379404d000-7f3798000000 ---p 00000000 00:00 0 
7f3798000000-7f37980ce000 rw-p 00000000 00:00 0 
7f37980ce000-7f379c000000 ---p 00000000 00:00 0 
7f379c000000-7f379c3be000 rw-p 00000000 00:00 0 
7f379c3be000-7f37a0000000 ---p 00000000 00:00 0 
7f37a0000000-7f37a0089000 rw-p 00000000 00:00 0 
7f37a0089000-7f37a4000000 ---p 00000000 00:00 0 
7f37a4000000-7f37a4021000 rw-p 00000000 00:00 0 
7f37a4021000-7f37a8000000 ---p 00000000 00:00 0 
7f37a8000000-7f37a8021000 rw-p 00000000 00:00 0 
7f37a8021000-7f37ac000000 ---p 00000000 00:00 0 
7f37ac000000-7f37ac049000 rw-p 00000000 00:00 0 
7f37ac049000-7f37b0000000 ---p 00000000 00:00 0 
7f37b0000000-7f37b0021000 rw-p 00000000 00:00 0 
7f37b0021000-7f37b4000000 ---p 00000000 00:00 0 
7f37b4000000-7f37b4021000 rw-p 00000000 00:00 0 
7f37b4021000-7f37b8000000 ---p 00000000 00:00 0 
7f37b8000000-7f37b8021000 rw-p 00000000 00:00 0 
7f37b8021000-7f37bc000000 ---p 00000000 00:00 0 
7f37bc000000-7f37bfffd000 rw-p 00000000 00:00 0 
7f37bfffd000-7f37c0000000 ---p 00000000 00:00 0 
7f37c0000000-7f37c3ffc000 rw-p 00000000 00:00 0 
7f37c3ffc000-7f37c4000000 ---p 00000000 00:00 0 
7f37c4000000-7f37c4021000 rw-p 00000000 00:00 0 
7f37c4021000-7f37c8000000 ---p 00000000 00:00 0 
7f37c8000000-7f37c8021000 rw-p 00000000 00:00 0 
7f37c8021000-7f37cc000000 ---p 00000000 00:00 0 
7f37cc000000-7f37cc025000 rw-p 00000000 00:00 0 
7f37cc025000-7f37d0000000 ---p 00000000 00:00 0 
7f37d0000000-7f37d0021000 rw-p 00000000 00:00 0 
7f37d0021000-7f37d4000000 ---p 00000000 00:00 0 
7f37d4000000-7f37d4159000 rw-p 00000000 00:00 0 
7f37d4159000-7f37d8000000 ---p 00000000 00:00 0 
7f37d8000000-7f37d8021000 rw-p 00000000 00:00 0 
7f37d8021000-7f37dc000000 ---p 00000000 00:00 0 
7f37dc000000-7f37dc050000 rw-p 00000000 00:00 0 
7f37dc050000-7f37e0000000 ---p 00000000 00:00 0 
7f37e4000000-7f37e4049000 rw-p 00000000 00:00 0 
7f37e4049000-7f37e8000000 ---p 00000000 00:00 0 
7f37e8109000-7f37e810c000 ---p 00000000 00:00 0 
7f37e810c000-7f37e820a000 rw-p 00000000 00:00 0                          [stack:23655]
7f37e820a000-7f37e820d000 ---p 00000000 00:00 0 
7f37e820d000-7f37e830b000 rw-p 00000000 00:00 0 
7f37e830b000-7f37e830e000 ---p 00000000 00:00 0 
7f37e830e000-7f37e840c000 rw-p 00000000 00:00 0                          [stack:23653]
7f37e840c000-7f37e840f000 ---p 00000000 00:00 0 
7f37e840f000-7f37e850d000 rw-p 00000000 00:00 0 
7f37e850d000-7f37e8510000 ---p 00000000 00:00 0 
7f37e8510000-7f37e860e000 rw-p 00000000 00:00 0                          [stack:21658]
7f37e860e000-7f37e8611000 ---p 00000000 00:00 0 
7f37e8611000-7f37e870f000 rw-p 00000000 00:00 0 
7f37e870f000-7f37e8712000 ---p 00000000 00:00 0 
7f37e8712000-7f37e8810000 rw-p 00000000 00:00 0                          [stack:19570]
7f37e8810000-7f37e8813000 ---p 00000000 00:00 0 
7f37e8813000-7f37e8911000 rw-p 00000000 00:00 0 
7f37e8911000-7f37e8914000 ---p 00000000 00:00 0 
7f37e8914000-7f37e8a12000 rw-p 00000000 00:00 0                          [stack:19629]
7f37e8a12000-7f37e8a15000 ---p 00000000 00:00 0 
7f37e8a15000-7f37e8b13000 rw-p 00000000 00:00 0                          [stack:23649]
7f37e8b13000-7f37e8b1b000 r-xp 00000000 07:00 3522591                    /home/reumerman/jdk1.7.0_21/jre/lib/amd64/libmanagement.so
7f37e8b1b000-7f37e8d1a000 ---p 00008000 07:00 3522591                    /home/reumerman/jdk1.7.0_21/jre/lib/amd64/libmanagement.so
7f37e8d1a000-7f37e8d1b000 rw-p 00007000 07:00 3522591                    /home/reumerman/jdk1.7.0_21/jre/lib/amd64/libmanagement.so
7f37e8d84000-7f37e8d87000 ---p 00000000 00:00 0 
7f37e8d87000-7f37e8e85000 rw-p 00000000 00:00 0                          [stack:19561]
7f37e8e85000-7f37e8e88000 ---p 00000000 00:00 0 
7f37e8e88000-7f37e8f86000 rw-p 00000000 00:00 0 
7f37e8f86000-7f37e8f8b000 r--s 00037000 07:00 307536                     /home/reumerman/webprotege/build/war/WEB-INF/lib/oboformat-included-owlapi-3.4.9.jar
7f37e8f8b000-7f37e8f91000 r--s 0002e000 07:00 307270                     /home/reumerman/webprotege/build/war/WEB-INF/lib/binaryowl-1.4.0.jar
7f37e8f91000-7f37e8fa0000 r--s 0008c000 07:00 307541                     /home/reumerman/webprotege/build/war/WEB-INF/lib/owlapi-api-3.4.9.jar
7f37e8fa0000-7f37e8fa2000 r--s 0000d000 07:00 307275                     /home/reumerman/webprotege/build/war/WEB-INF/lib/commons-fileupload-1.2.2.jar
7f37e8fa2000-7f37e8fa4000 r--s 00005000 07:00 307529                     /home/reumerman/webprotege/build/war/WEB-INF/lib/httpmime-4.2.1.jar
7f37e8fa4000-7f37e8fae000 r--s 0005b000 07:00 307556                     /home/reumerman/webprotege/build/war/WEB-INF/lib/spring-data-commons-1.5.0.RELEASE.jar
7f37e8fae000-7f37e8fc6000 r--s 0011c000 07:00 307288                     /home/reumerman/webprotege/build/war/WEB-INF/lib/gwtext.jar
7f37e8fc6000-7f37e8fc8000 r--s 0000b000 07:00 307280                     /home/reumerman/webprotege/build/war/WEB-INF/lib/commons-logging-api-1.1.1.jar
7f37e8fc8000-7f37e8fcb000 r--s 00012000 07:00 307287                     /home/reumerman/webprotege/build/war/WEB-INF/lib/gwt-crypto-1.0.3.jar
7f37e8fcb000-7f37e8fce000 r--s 00017000 07:00 307535                     /home/reumerman/webprotege/build/war/WEB-INF/lib/notes-api.jar
7f37e8fce000-7f37e8fd0000 r--s 00005000 07:00 307550                     /home/reumerman/webprotege/build/war/WEB-INF/lib/slf4j-api-1.7.1.jar
7f37e8fd0000-7f37e8fd3000 r--s 0001a000 07:00 307558                     /home/reumerman/webprotege/build/war/WEB-INF/lib/spring-data-mongodb-cross-store-1.2.0.RELEASE.jar
7f37e8fd3000-7f37e8fd5000 r--s 00006000 07:00 307531                     /home/reumerman/webprotege/build/war/WEB-INF/lib/jsr305-2.0.1.jar
7f37e8fd5000-7f37e8fdd000 r--s 00034000 07:00 307561                     /home/reumerman/webprotege/build/war/WEB-INF/lib/spring-tx-3.2.4.RELEASE.jar
7f37e8fdd000-7f37e8fe6000 r--s 0005d000 07:00 307557                     /home/reumerman/webprotege/build/war/WEB-INF/lib/spring-data-mongodb-1.2.0.RELEASE.jar
7f37e8fe6000-7f37e8fe7000 r--s 00004000 07:00 307537                     /home/reumerman/webprotege/build/war/WEB-INF/lib/opencsv-2.3.jar
7f37e8fe7000-7f37e8fee000 r--s 0005b000 07:00 307534                     /home/reumerman/webprotege/build/war/WEB-INF/lib/mongo-java-driver-2.10.1.jar
7f37e8fee000-7f37e9000000 r--s 000c3000 07:00 307555                     /home/reumerman/webprotege/build/war/WEB-INF/lib/spring-core-3.2.4.RELEASE.jar
7f37e9000000-7f37e902c000 r--s 001ee000 07:00 307540                     /home/reumerman/webprotege/build/war/WEB-INF/lib/org.protege.editor.owl.jar
7f37e902c000-7f37e902d000 r--s 00006000 07:00 307279                     /home/reumerman/webprotege/build/war/WEB-INF/lib/commons-logging-adapters-1.1.1.jar
7f37e902d000-7f37e9034000 r--s 00059000 07:00 307544                     /home/reumerman/webprotege/build/war/WEB-INF/lib/owlapi-impl-3.4.9.jar
7f37e9034000-7f37e9037000 r--s 0001a000 07:00 307527                     /home/reumerman/webprotege/build/war/WEB-INF/lib/httpclient-cache-4.2.1.jar
7f37e9037000-7f37e903e000 r--s 0006a000 07:00 307533                     /home/reumerman/webprotege/build/war/WEB-INF/lib/mail.jar
7f37e903e000-7f37e9049000 r--s 0005a000 07:00 307563                     /home/reumerman/webprotege/build/war/WEB-INF/lib/xstream-1.3.jar
7f37e9049000-7f37e9053000 r--s 0005f000 07:00 307526                     /home/reumerman/webprotege/build/war/WEB-INF/lib/httpclient-4.2.1.jar
7f37e9053000-7f37e9055000 r--s 0000b000 07:00 307552                     /home/reumerman/webprotege/build/war/WEB-INF/lib/spring-aspects-3.2.4.RELEASE.jar
7f37e9055000-7f37e9057000 r--s 00004000 07:00 307281                     /home/reumerman/webprotege/build/war/WEB-INF/lib/fluent-hc-4.2.1.jar
7f37e9057000-7f37e9059000 r--s 00006000 07:00 307273                     /home/reumerman/webprotege/build/war/WEB-INF/lib/commons-codec-1.2.jar
7f37e9059000-7f37e906c000 r--s 000e1000 07:00 307545                     /home/reumerman/webprotege/build/war/WEB-INF/lib/owlapi-parsers-3.4.9.jar
7f37e906c000-7f37e909a000 r--s 00240000 07:00 307547                     /home/reumerman/webprotege/build/war/WEB-INF/lib/protege.jar
7f37e909a000-7f37e909c000 r--s 0000d000 07:00 307278                     /home/reumerman/webprotege/build/war/WEB-INF/lib/commons-logging-1.1.1.jar
7f37e909c000-7f37e9115000 r--s 00576000 07:00 307619                     /home/reumerman/webprotege/build/war/WEB-INF/lib/gwt-servlet.jar
7f37e9115000-7f37e9118000 r--s 0002b000 07:00 307538                     /home/reumerman/webprotege/build/war/WEB-INF/lib/openid4java-0.9.5.jar
7f37e9118000-7f37e9126000 r--s 000c7000 07:00 307539                     /home/reumerman/webprotege/build/war/WEB-INF/lib/org.protege.editor.core.application.jar
7f37e9126000-7f37e914f000 r--s 001ee000 07:00 307285                     /home/reumerman/webprotege/build/war/WEB-INF/lib/guava-14.0.1.jar
7f37e914f000-7f37e9154000 r--s 0002c000 07:00 307560                     /home/reumerman/webprotege/build/war/WEB-INF/lib/spring-expression-3.2.4.RELEASE.jar
7f37e9154000-7f37e9156000 r--s 00000000 07:00 307269                     /home/reumerman/webprotege/build/war/WEB-INF/lib/aopalliance-1.0.jar
7f37e9156000-7f37e9162000 r--s 00089000 07:00 307553                     /home/reumerman/webprotege/build/war/WEB-INF/lib/spring-beans-3.2.4.RELEASE.jar
7f37e9162000-7f37e9163000 r--s 00002000 07:00 307542                     /home/reumerman/webprotege/build/war/WEB-INF/lib/owlapi-apibinding-3.4.9.jar
7f37e9163000-7f37e9177000 r--s 000bf000 07:00 307554                     /home/reumerman/webprotege/build/war/WEB-INF/lib/spring-context-3.2.4.RELEASE.jar
7f37e9177000-7f37e917d000 r--s 00045000 07:00 307276                     /home/reumerman/webprotege/build/war/WEB-INF/lib/commons-httpclient-3.1.jar
7f37e917d000-7f37e9181000 r--s 00029000 07:00 307277                     /home/reumerman/webprotege/build/war/WEB-INF/lib/commons-io-2.3.jar
7f37e9181000-7f37e9184000 r--s 0001b000 07:00 307562                     /home/reumerman/webprotege/build/war/WEB-INF/lib/xpp3-1.1.3.4.C.jar
7f37e9184000-7f37e9186000 r--s 00003000 07:00 307530                     /home/reumerman/webprotege/build/war/WEB-INF/lib/jcl-over-slf4j-1.7.1.jar
7f37e9186000-7f37e9187000 r--s 00002000 07:00 307549                     /home/reumerman/webprotege/build/war/WEB-INF/lib/recaptcha4j-0.0.7.jar
7f37e9187000-7f37e918d000 r--s 00033000 07:00 307274                     /home/reumerman/webprotege/build/war/WEB-INF/lib/commons-codec-1.6.jar
7f37e918d000-7f37e91bf000 r--s 00217000 07:00 307620                     /home/reumerman/webprotege/build/war/WEB-INF/lib/gwt-servlet-deps.jar
7f37e91bf000-7f37e91c1000 r--s 00007000 07:00 307271                     /home/reumerman/webprotege/build/war/WEB-INF/lib/bioportal-services-lib.jar
7f37e91c1000-7f37e9217000 r--s 002d2000 07:00 307617                     /home/reumerman/webprotege/build/war/WEB-INF/lib/webprotege-lib.jar
7f37e9217000-7f37e921a000 ---p 00000000 00:00 0 
7f37e921a000-7f37e9318000 rw-p 00000000 00:00 0                          [stack:19559]
7f37e9318000-7f37e931b000 ---p 00000000 00:00 0 
7f37e931b000-7f37e9419000 rw-p 00000000 00:00 0 
7f37e9419000-7f37e944b000 r-xp 00000000 07:00 3522574                    /home/reumerman/jdk1.7.0_21/jre/lib/amd64/libsunec.so
7f37e944b000-7f37e964a000 ---p 00032000 07:00 3522574                    /home/reumerman/jdk1.7.0_21/jre/lib/amd64/libsunec.so
7f37e964a000-7f37e9650000 rw-p 00031000 07:00 3522574                    /home/reumerman/jdk1.7.0_21/jre/lib/amd64/libsunec.so
7f37e9650000-7f37e9660000 rw-p 00000000 00:00 0 
7f37e9660000-7f37e9678000 r-xp 00000000 07:00 2215948                    /lib/x86_64-linux-gnu/libresolv-2.15.so
7f37e9678000-7f37e9878000 ---p 00018000 07:00 2215948                    /lib/x86_64-linux-gnu/libresolv-2.15.so
7f37e9878000-7f37e9879000 r--p 00018000 07:00 2215948                    /lib/x86_64-linux-gnu/libresolv-2.15.so
7f37e9879000-7f37e987a000 rw-p 00019000 07:00 2215948                    /lib/x86_64-linux-gnu/libresolv-2.15.so
7f37e987a000-7f37e987c000 rw-p 00000000 00:00 0 
7f37e987c000-7f37e9883000 r-xp 00000000 07:00 2215960                    /lib/x86_64-linux-gnu/libnss_dns-2.15.so
7f37e9883000-7f37e9a82000 ---p 00007000 07:00 2215960                    /lib/x86_64-linux-gnu/libnss_dns-2.15.so
7f37e9a82000-7f37e9a83000 r--p 00006000 07:00 2215960                    /lib/x86_64-linux-gnu/libnss_dns-2.15.so
7f37e9a83000-7f37e9a84000 rw-p 00007000 07:00 2215960                    /lib/x86_64-linux-gnu/libnss_dns-2.15.so
7f37e9a84000-7f37e9a86000 r-xp 00000000 07:00 124057                     /lib/libnss_mdns4_minimal.so.2
7f37e9a86000-7f37e9c85000 ---p 00002000 07:00 124057                     /lib/libnss_mdns4_minimal.so.2
7f37e9c85000-7f37e9c86000 r--p 00001000 07:00 124057                     /lib/libnss_mdns4_minimal.so.2
7f37e9c86000-7f37e9c87000 rw-p 00002000 07:00 124057                     /lib/libnss_mdns4_minimal.so.2
7f37e9c87000-7f37e9c8a000 ---p 00000000 00:00 0 
7f37e9c8a000-7f37e9d88000 rw-p 00000000 00:00 0                          [stack:19555]
7f37e9d88000-7f37e9d8b000 ---p 00000000 00:00 0 
7f37e9d8b000-7f37e9e89000 rw-p 00000000 00:00 0 
7f37e9e89000-7f37e9e8c000 ---p 00000000 00:00 0 
7f37e9e8c000-7f37e9f8a000 rw-p 00000000 00:00 0                          [stack:19557]
7f37e9f8a000-7f37e9f8d000 ---p 00000000 00:00 0 
7f37e9f8d000-7f37ea08b000 rw-p 00000000 00:00 0 
7f37ea08b000-7f37ea0f3000 r-xp 00000000 07:00 3522581                    /home/reumerman/jdk1.7.0_21/jre/lib/amd64/libt2k.so
7f37ea0f3000-7f37ea2f2000 ---p 00068000 07:00 3522581                    /home/reumerman/jdk1.7.0_21/jre/lib/amd64/libt2k.so
7f37ea2f2000-7f37ea2f9000 rw-p 00067000 07:00 3522581                    /home/reumerman/jdk1.7.0_21/jre/lib/amd64/libt2k.so
7f37ea2f9000-7f37ea309000 rw-p 00000000 00:00 0 
7f37ea309000-7f37ea31e000 r-xp 00000000 07:00 95252                      /lib/x86_64-linux-gnu/libgcc_s.so.1
7f37ea31e000-7f37ea51d000 ---p 00015000 07:00 95252                      /lib/x86_64-linux-gnu/libgcc_s.so.1
7f37ea51d000-7f37ea51e000 r--p 00014000 07:00 95252                      /lib/x86_64-linux-gnu/libgcc_s.so.1
7f37ea51e000-7f37ea51f000 rw-p 00015000 07:00 95252                      /lib/x86_64-linux-gnu/libgcc_s.so.1
7f37ea51f000-7f37ea57e000 r-xp 00000000 07:00 404594                     /home/reumerman/jdk1.7.0_21/jre/lib/amd64/libfontmanager.so
7f37ea57e000-7f37ea77e000 ---p 0005f000 07:00 404594                     /home/reumerman/jdk1.7.0_21/jre/lib/amd64/libfontmanager.so
7f37ea77e000-7f37ea782000 rw-p 0005f000 07:00 404594                     /home/reumerman/jdk1.7.0_21/jre/lib/amd64/libfontmanager.so
7f37ea782000-7f37ea793000 rw-p 00000000 00:00 0 
7f37ea793000-7f37ea7a3000 r-xp 00000000 07:00 404593                     /home/reumerman/jdk1.7.0_21/jre/lib/amd64/libnio.so
7f37ea7a3000-7f37ea9a3000 ---p 00010000 07:00 404593                     /home/reumerman/jdk1.7.0_21/jre/lib/amd64/libnio.so
7f37ea9a3000-7f37ea9a4000 rw-p 00010000 07:00 404593                     /home/reumerman/jdk1.7.0_21/jre/lib/amd64/libnio.so
7f37ea9a4000-7f37ea9a7000 ---p 00000000 00:00 0 
7f37ea9a7000-7f37eaaa5000 rw-p 00000000 00:00 0                          [stack:19657]
7f37eaaa5000-7f37eaaa8000 ---p 00000000 00:00 0 
7f37eaaa8000-7f37eaba6000 rw-p 00000000 00:00 0                          [stack:19563]
7f37eaba6000-7f37eaba9000 ---p 00000000 00:00 0 
7f37eaba9000-7f37eaca7000 rw-p 00000000 00:00 0                          [stack:19549]
7f37eaca7000-7f37eacaa000 ---p 00000000 00:00 0 
7f37eacaa000-7f37eada8000 rw-p 00000000 00:00 0                          [stack:19548]
7f37eada8000-7f37eadab000 ---p 00000000 00:00 0 
7f37eadab000-7f37eaea9000 rw-p 00000000 00:00 0                          [stack:19547]
7f37eaea9000-7f37eaeae000 r-xp 00000000 07:00 290973                     /usr/lib/x86_64-linux-gnu/libXfixes.so.3.1.0
7f37eaeae000-7f37eb0ad000 ---p 00005000 07:00 290973                     /usr/lib/x86_64-linux-gnu/libXfixes.so.3.1.0
7f37eb0ad000-7f37eb0ae000 r--p 00004000 07:00 290973                     /usr/lib/x86_64-linux-gnu/libXfixes.so.3.1.0
7f37eb0ae000-7f37eb0af000 rw-p 00005000 07:00 290973                     /usr/lib/x86_64-linux-gnu/libXfixes.so.3.1.0
7f37eb0af000-7f37eb0b8000 r-xp 00000000 07:00 293358                     /usr/lib/x86_64-linux-gnu/libXcursor.so.1.0.2
7f37eb0b8000-7f37eb2b7000 ---p 00009000 07:00 293358                     /usr/lib/x86_64-linux-gnu/libXcursor.so.1.0.2
7f37eb2b7000-7f37eb2b8000 r--p 00008000 07:00 293358                     /usr/lib/x86_64-linux-gnu/libXcursor.so.1.0.2
7f37eb2b8000-7f37eb2b9000 rw-p 00009000 07:00 293358                     /usr/lib/x86_64-linux-gnu/libXcursor.so.1.0.2
7f37eb2b9000-7f37eb2bc000 ---p 00000000 00:00 0 
7f37eb2bc000-7f37eb3ba000 rw-p 00000000 00:00 0                          [stack:19546]
7f37eb3ba000-7f37eb3bf000 r-xp 00000000 07:00 59109                      /usr/lib/x86_64-linux-gnu/libXdmcp.so.6.0.0
7f37eb3bf000-7f37eb5be000 ---p 00005000 07:00 59109                      /usr/lib/x86_64-linux-gnu/libXdmcp.so.6.0.0
7f37eb5be000-7f37eb5bf000 r--p 00004000 07:00 59109                      /usr/lib/x86_64-linux-gnu/libXdmcp.so.6.0.0
7f37eb5bf000-7f37eb5c0000 rw-p 00005000 07:00 59109                      /usr/lib/x86_64-linux-gnu/libXdmcp.so.6.0.0
7f37eb5c0000-7f37eb5c2000 r-xp 00000000 07:00 87061                      /usr/lib/x86_64-linux-gnu/libXau.so.6.0.0
7f37eb5c2000-7f37eb7c1000 ---p 00002000 07:00 87061                      /usr/lib/x86_64-linux-gnu/libXau.so.6.0.0
7f37eb7c1000-7f37eb7c2000 r--p 00001000 07:00 87061                      /usr/lib/x86_64-linux-gnu/libXau.so.6.0.0
7f37eb7c2000-7f37eb7c3000 rw-p 00002000 07:00 87061                      /usr/lib/x86_64-linux-gnu/libXau.so.6.0.0
7f37eb7c3000-7f37eb7e0000 r-xp 00000000 07:00 290854                     /usr/lib/x86_64-linux-gnu/libxcb.so.1.1.0
7f37eb7e0000-7f37eb9df000 ---p 0001d000 07:00 290854                     /usr/lib/x86_64-linux-gnu/libxcb.so.1.1.0
7f37eb9df000-7f37eb9e0000 r--p 0001c000 07:00 290854                     /usr/lib/x86_64-linux-gnu/libxcb.so.1.1.0
7f37eb9e0000-7f37eb9e1000 rw-p 0001d000 07:00 290854                     /usr/lib/x86_64-linux-gnu/libxcb.so.1.1.0
7f37eb9e1000-7f37eb9ef000 r-xp 00000000 07:00 289830                     /usr/lib/x86_64-linux-gnu/libXi.so.6.1.0
7f37eb9ef000-7f37ebbee000 ---p 0000e000 07:00 289830                     /usr/lib/x86_64-linux-gnu/libXi.so.6.1.0
7f37ebbee000-7f37ebbef000 r--p 0000d000 07:00 289830                     /usr/lib/x86_64-linux-gnu/libXi.so.6.1.0
7f37ebbef000-7f37ebbf0000 rw-p 0000e000 07:00 289830                     /usr/lib/x86_64-linux-gnu/libXi.so.6.1.0
7f37ebbf0000-7f37ebbf5000 r-xp 00000000 07:00 293744                     /usr/lib/x86_64-linux-gnu/libXtst.so.6.1.0
7f37ebbf5000-7f37ebdf4000 ---p 00005000 07:00 293744                     /usr/lib/x86_64-linux-gnu/libXtst.so.6.1.0
7f37ebdf4000-7f37ebdf5000 r--p 00004000 07:00 293744                     /usr/lib/x86_64-linux-gnu/libXtst.so.6.1.0
7f37ebdf5000-7f37ebdf6000 rw-p 00005000 07:00 293744                     /usr/lib/x86_64-linux-gnu/libXtst.so.6.1.0
7f37ebdf6000-7f37ebdff000 r-xp 00000000 07:00 293354                     /usr/lib/x86_64-linux-gnu/libXrender.so.1.3.0
7f37ebdff000-7f37ebffe000 ---p 00009000 07:00 293354                     /usr/lib/x86_64-linux-gnu/libXrender.so.1.3.0
7f37ebffe000-7f37ebfff000 r--p 00008000 07:00 293354                     /usr/lib/x86_64-linux-gnu/libXrender.so.1.3.0
7f37ebfff000-7f37ec000000 rw-p 00009000 07:00 293354                     /usr/lib/x86_64-linux-gnu/libXrender.so.1.3.0
7f37ec000000-7f37ec051000 rw-p 00000000 00:00 0 
7f37ec051000-7f37f0000000 ---p 00000000 00:00 0 
7f37f0003000-7f37f000c000 rw-s 00000000 00:04 46235651                   /SYSV00000000 (deleted)
7f37f000c000-7f37f000e000 r--s 00014000 07:00 307546                     /home/reumerman/webprotege/build/war/WEB-INF/lib/protege-owlapi-extensions.jar
7f37f000e000-7f37f0016000 r--s 0004a000 07:00 307551                     /home/reumerman/webprotege/build/war/WEB-INF/lib/spring-aop-3.2.4.RELEASE.jar
7f37f0016000-7f37f001d000 r--s 00051000 07:00 307532                     /home/reumerman/webprotege/build/war/WEB-INF/lib/log4j.jar
7f37f001d000-7f37f0023000 r--s 00049000 07:00 307272                     /home/reumerman/webprotege/build/war/WEB-INF/lib/cglib-nodep-2.2.3.jar
7f37f0023000-7f37f0029000 r--s 00031000 07:00 307528                     /home/reumerman/webprotege/build/war/WEB-INF/lib/httpcore-4.2.1.jar
7f37f0029000-7f37f002e000 r--s 0002a000 07:00 307282                     /home/reumerman/webprotege/build/war/WEB-INF/lib/gson-2.2.2.jar
7f37f002e000-7f37f0041000 r--s 000b2000 07:00 307543                     /home/reumerman/webprotege/build/war/WEB-INF/lib/owlapi-gwt-3.4.9.jar
7f37f0041000-7f37f0043000 r--s 00017000 07:00 307559                     /home/reumerman/webprotege/build/war/WEB-INF/lib/spring-data-mongodb-log4j-1.2.0.RELEASE.jar
7f37f0043000-7f37f004f000 r--s 000b2000 07:00 307286                     /home/reumerman/webprotege/build/war/WEB-INF/lib/guava-gwt-14.0.1.jar
7f37f004f000-7f37f0051000 r--s 00019000 07:00 410648                     /home/reumerman/jdk1.7.0_21/jre/lib/jce.jar
7f37f0051000-7f37f0181000 r-xp 00000000 07:00 841914                     /usr/lib/x86_64-linux-gnu/libX11.so.6.3.0
7f37f0181000-7f37f0381000 ---p 00130000 07:00 841914                     /usr/lib/x86_64-linux-gnu/libX11.so.6.3.0
7f37f0381000-7f37f0382000 r--p 00130000 07:00 841914                     /usr/lib/x86_64-linux-gnu/libX11.so.6.3.0
7f37f0382000-7f37f0386000 rw-p 00131000 07:00 841914                     /usr/lib/x86_64-linux-gnu/libX11.so.6.3.0
7f37f0386000-7f37f0396000 r-xp 00000000 07:00 290889                     /usr/lib/x86_64-linux-gnu/libXext.so.6.4.0
7f37f0396000-7f37f0595000 ---p 00010000 07:00 290889                     /usr/lib/x86_64-linux-gnu/libXext.so.6.4.0
7f37f0595000-7f37f0596000 r--p 0000f000 07:00 290889                     /usr/lib/x86_64-linux-gnu/libXext.so.6.4.0
7f37f0596000-7f37f0597000 rw-p 00010000 07:00 290889                     /usr/lib/x86_64-linux-gnu/libXext.so.6.4.0
7f37f059b000-7f37f059f000 r--s 0008a000 07:00 401435                     /home/reumerman/jdk1.7.0_21/jre/lib/jsse.jar
7f37f059f000-7f37f05a9000 r--s 00254000 07:00 401440                     /home/reumerman/jdk1.7.0_21/jre/lib/resources.jar
7f37f05a9000-7f37f05ad000 r--s 0002d000 07:00 411710                     /home/reumerman/jdk1.7.0_21/jre/lib/ext/sunjce_provider.jar
7f37f05ad000-7f37f05af000 r--s 00001000 07:00 411714                     /home/reumerman/jdk1.7.0_21/jre/lib/ext/dnsns.jar
7f37f05af000-7f37f05b0000 r--s 00003000 07:00 411716                     /home/reumerman/jdk1.7.0_21/jre/lib/ext/sunec.jar
7f37f05b0000-7f37f05b4000 r--s 00037000 07:00 411713                     /home/reumerman/jdk1.7.0_21/jre/lib/ext/sunpkcs11.jar
7f37f05b4000-7f37f0604000 r-xp 00000000 07:00 410626                     /home/reumerman/jdk1.7.0_21/jre/lib/amd64/xawt/libmawt.so
7f37f0604000-7f37f0804000 ---p 00050000 07:00 410626                     /home/reumerman/jdk1.7.0_21/jre/lib/amd64/xawt/libmawt.so
7f37f0804000-7f37f0808000 rw-p 00050000 07:00 410626                     /home/reumerman/jdk1.7.0_21/jre/lib/amd64/xawt/libmawt.so
7f37f0808000-7f37f0809000 rw-p 00000000 00:00 0 
7f37f0809000-7f37f08ab000 r-xp 00000000 07:00 3522563                    /home/reumerman/jdk1.7.0_21/jre/lib/amd64/libawt.so
7f37f08ab000-7f37f0aab000 ---p 000a2000 07:00 3522563                    /home/reumerman/jdk1.7.0_21/jre/lib/amd64/libawt.so
7f37f0aab000-7f37f0ab7000 rw-p 000a2000 07:00 3522563                    /home/reumerman/jdk1.7.0_21/jre/lib/amd64/libawt.so
7f37f0ab7000-7f37f0adb000 rw-p 00000000 00:00 0 
7f37f0adb000-7f37f0ae6000 r--s 0005a000 07:00 1759293                    /home/reumerman/webprotege/war/WEB-INF/lib/xstream-1.3.jar
7f37f0ae6000-7f37f0ae9000 r--s 0001b000 07:00 1759292                    /home/reumerman/webprotege/war/WEB-INF/lib/xpp3-1.1.3.4.C.jar
7f37f0ae9000-7f37f0af1000 r--s 00034000 07:00 1759291                    /home/reumerman/webprotege/war/WEB-INF/lib/spring-tx-3.2.4.RELEASE.jar
7f37f0af1000-7f37f0af6000 r--s 0002c000 07:00 1759290                    /home/reumerman/webprotege/war/WEB-INF/lib/spring-expression-3.2.4.RELEASE.jar
7f37f0af6000-7f37f0af8000 r--s 00017000 07:00 1759289                    /home/reumerman/webprotege/war/WEB-INF/lib/spring-data-mongodb-log4j-1.2.0.RELEASE.jar
7f37f0af8000-7f37f0afb000 r--s 0001a000 07:00 1759288                    /home/reumerman/webprotege/war/WEB-INF/lib/spring-data-mongodb-cross-store-1.2.0.RELEASE.jar
7f37f0afb000-7f37f0b04000 r--s 0005d000 07:00 1759287                    /home/reumerman/webprotege/war/WEB-INF/lib/spring-data-mongodb-1.2.0.RELEASE.jar
7f37f0b04000-7f37f0b0e000 r--s 0005b000 07:00 1759286                    /home/reumerman/webprotege/war/WEB-INF/lib/spring-data-commons-1.5.0.RELEASE.jar
7f37f0b0e000-7f37f0b20000 r--s 000c3000 07:00 1759285                    /home/reumerman/webprotege/war/WEB-INF/lib/spring-core-3.2.4.RELEASE.jar
7f37f0b20000-7f37f0b34000 r--s 000bf000 07:00 1759284                    /home/reumerman/webprotege/war/WEB-INF/lib/spring-context-3.2.4.RELEASE.jar
7f37f0b34000-7f37f0b40000 r--s 00089000 07:00 1759283                    /home/reumerman/webprotege/war/WEB-INF/lib/spring-beans-3.2.4.RELEASE.jar
7f37f0b40000-7f37f0b42000 r--s 0000b000 07:00 1759282                    /home/reumerman/webprotege/war/WEB-INF/lib/spring-aspects-3.2.4.RELEASE.jar
7f37f0b42000-7f37f0b4a000 r--s 0004a000 07:00 1759281                    /home/reumerman/webprotege/war/WEB-INF/lib/spring-aop-3.2.4.RELEASE.jar
7f37f0b4a000-7f37f0b79000 r--s 0023c000 07:00 305280                     /home/reumerman/webprotege/war/WEB-INF/lib/protege.jar.org
7f37f0b79000-7f37f0ba7000 r--s 00240000 07:00 305279                     /home/reumerman/webprotege/war/WEB-INF/lib/protege.jar
7f37f0ba7000-7f37f0bba000 r--s 000e1000 07:00 1759276                    /home/reumerman/webprotege/war/WEB-INF/lib/owlapi-parsers-3.4.9.jar
7f37f0bba000-7f37f0bbd000 ---p 00000000 00:00 0 
7f37f0bbd000-7f37f0cec000 rw-p 00000000 00:00 0                          [stack:23646]
7f37f0cec000-7f37f0d01000 r-xp 00000000 07:00 404598                     /home/reumerman/jdk1.7.0_21/jre/lib/amd64/libnet.so
7f37f0d01000-7f37f0f01000 ---p 00015000 07:00 404598                     /home/reumerman/jdk1.7.0_21/jre/lib/amd64/libnet.so
7f37f0f01000-7f37f0f02000 rw-p 00015000 07:00 404598                     /home/reumerman/jdk1.7.0_21/jre/lib/amd64/libnet.so
7f37f0f02000-7f37f0f6c000 rw-p 00000000 00:00 0 
7f37f0f6c000-7f37f1127000 r--s 01e99000 08:01 596616                     /media/Windows/gwt-2.5.1/gwt-dev.jar
7f37f1127000-7f37f122c000 r--s 01a68000 08:01 596609                     /media/Windows/gwt-2.5.1/gwt-user.jar
7f37f122c000-7f37f122d000 ---p 00000000 00:00 0 
7f37f122d000-7f37f132d000 rw-p 00000000 00:00 0                          [stack:19544]
7f37f132d000-7f37f1330000 ---p 00000000 00:00 0 
7f37f1330000-7f37f142e000 rw-p 00000000 00:00 0                          [stack:19543]
7f37f142e000-7f37f1431000 ---p 00000000 00:00 0 
7f37f1431000-7f37f152f000 rw-p 00000000 00:00 0                          [stack:19542]
7f37f152f000-7f37f1532000 ---p 00000000 00:00 0 
7f37f1532000-7f37f4000000 rw-p 00000000 00:00 0                          [stack:19541]
7f37f4000000-7f37f405c000 rw-p 00000000 00:00 0 
7f37f405c000-7f37f8000000 ---p 00000000 00:00 0 
7f37f8000000-7f37f8001000 rw-p 00000000 00:00 0 
7f37f8001000-7f37f8003000 r--s 00005000 07:00 1759280                    /home/reumerman/webprotege/war/WEB-INF/lib/slf4j-api-1.7.1.jar
7f37f8003000-7f37f8005000 r--s 00014000 07:00 1759277                    /home/reumerman/webprotege/war/WEB-INF/lib/protege-owlapi-extensions.jar
7f37f8005000-7f37f800c000 r--s 00059000 07:00 1759275                    /home/reumerman/webprotege/war/WEB-INF/lib/owlapi-impl-3.4.9.jar
7f37f800c000-7f37f801f000 r--s 000b2000 07:00 1759274                    /home/reumerman/webprotege/war/WEB-INF/lib/owlapi-gwt-3.4.9.jar
7f37f801f000-7f37f8020000 r--s 00002000 07:00 1759273                    /home/reumerman/webprotege/war/WEB-INF/lib/owlapi-apibinding-3.4.9.jar
7f37f8020000-7f37f802f000 r--s 0008c000 07:00 1759272                    /home/reumerman/webprotege/war/WEB-INF/lib/owlapi-api-3.4.9.jar
7f37f802f000-7f37f805b000 r--s 001ee000 07:00 1759271                    /home/reumerman/webprotege/war/WEB-INF/lib/org.protege.editor.owl.jar
7f37f805b000-7f37f8069000 r--s 000c7000 07:00 1759270                    /home/reumerman/webprotege/war/WEB-INF/lib/org.protege.editor.core.application.jar
7f37f8069000-7f37f806c000 r--s 0002b000 07:00 1759269                    /home/reumerman/webprotege/war/WEB-INF/lib/openid4java-0.9.5.jar
7f37f806c000-7f37f8071000 r--s 00037000 07:00 1759267                    /home/reumerman/webprotege/war/WEB-INF/lib/oboformat-included-owlapi-3.4.9.jar
7f37f8071000-7f37f8074000 r--s 00017000 07:00 1759266                    /home/reumerman/webprotege/war/WEB-INF/lib/notes-api.jar
7f37f8074000-7f37f807b000 r--s 0005b000 07:00 1759265                    /home/reumerman/webprotege/war/WEB-INF/lib/mongo-java-driver-2.10.1.jar
7f37f807b000-7f37f8082000 r--s 0006a000 07:00 1759264                    /home/reumerman/webprotege/war/WEB-INF/lib/mail.jar
7f37f8082000-7f37f8089000 r--s 00051000 07:00 1759263                    /home/reumerman/webprotege/war/WEB-INF/lib/log4j.jar
7f37f8089000-7f37f808b000 r--s 00006000 07:00 1759262                    /home/reumerman/webprotege/war/WEB-INF/lib/jsr305-2.0.1.jar
7f37f808b000-7f37f808d000 r--s 00003000 07:00 1759261                    /home/reumerman/webprotege/war/WEB-INF/lib/jcl-over-slf4j-1.7.1.jar
7f37f808d000-7f37f808f000 r--s 00005000 07:00 1759260                    /home/reumerman/webprotege/war/WEB-INF/lib/httpmime-4.2.1.jar
7f37f808f000-7f37f8095000 r--s 00031000 07:00 1759259                    /home/reumerman/webprotege/war/WEB-INF/lib/httpcore-4.2.1.jar
7f37f8095000-7f37f80ad000 r--s 0011c000 07:00 1759256                    /home/reumerman/webprotege/war/WEB-INF/lib/gwtext.jar
7f37f80ad000-7f37f80b0000 ---p 00000000 00:00 0 
7f37f80b0000-7f37f81ae000 rw-p 00000000 00:00 0                          [stack:19540]
7f37f81ae000-7f37f81b1000 ---p 00000000 00:00 0 
7f37f81b1000-7f37f82af000 rw-p 00000000 00:00 0                          [stack:19539]
7f37f82af000-7f37f82b3000 r-xp 00000000 07:00 3522570                    /home/reumerman/jdk1.7.0_21/jre/lib/amd64/libdt_socket.so
7f37f82b3000-7f37f84b2000 ---p 00004000 07:00 3522570                    /home/reumerman/jdk1.7.0_21/jre/lib/amd64/libdt_socket.so
7f37f84b2000-7f37f84b3000 rw-p 00003000 07:00 3522570                    /home/reumerman/jdk1.7.0_21/jre/lib/amd64/libdt_socket.so
7f37f84b3000-7f37f84b6000 ---p 00000000 00:00 0 
7f37f84b6000-7f37f85b4000 rw-p 00000000 00:00 0                          [stack:19538]
7f37f85b4000-7f37f85b7000 ---p 00000000 00:00 0 
7f37f85b7000-7f37f86b5000 rw-p 00000000 00:00 0                          [stack:19537]
7f37f86b5000-7f37f86b8000 ---p 00000000 00:00 0 
7f37f86b8000-7f37f87b6000 rw-p 00000000 00:00 0                          [stack:19536]
7f37f87b6000-7f37f87b7000 ---p 00000000 00:00 0 
7f37f87b7000-7f37f9000000 rw-p 00000000 00:00 0                          [stack:19535]
7f37f9000000-7f37f9f60000 rwxp 00000000 00:00 0 
7f37f9f60000-7f37fcd35000 rw-p 00000000 00:00 0 
7f37fcd35000-7f3800000000 ---p 00000000 00:00 0 
7f3800000000-7f3800001000 r--s 00010000 07:00 411712                     /home/reumerman/jdk1.7.0_21/jre/lib/ext/zipfs.jar
7f3800001000-7f380000b000 r--s 0005f000 07:00 1759257                    /home/reumerman/webprotege/war/WEB-INF/lib/httpclient-4.2.1.jar
7f380000b000-7f380000e000 r--s 00012000 07:00 1759255                    /home/reumerman/webprotege/war/WEB-INF/lib/gwt-crypto-1.0.3.jar
7f380000e000-7f380001a000 r--s 000b2000 07:00 1759254                    /home/reumerman/webprotege/war/WEB-INF/lib/guava-gwt-14.0.1.jar
7f380001a000-7f3800043000 r--s 001ee000 07:00 1759253                    /home/reumerman/webprotege/war/WEB-INF/lib/guava-14.0.1.jar
7f3800043000-7f3800048000 r--s 0002a000 07:00 1759252                    /home/reumerman/webprotege/war/WEB-INF/lib/gson-2.2.2.jar
7f3800048000-7f380004a000 r--s 00004000 07:00 1759251                    /home/reumerman/webprotege/war/WEB-INF/lib/fluent-hc-4.2.1.jar
7f380004a000-7f380004c000 r--s 0000b000 07:00 1759250                    /home/reumerman/webprotege/war/WEB-INF/lib/commons-logging-api-1.1.1.jar
7f380004c000-7f380004d000 r--s 00006000 07:00 1759249                    /home/reumerman/webprotege/war/WEB-INF/lib/commons-logging-adapters-1.1.1.jar
7f380004d000-7f3800964000 rw-p 00000000 00:00 0 
7f3800964000-7f3800b21000 r--s 039de000 07:00 345257                     /home/reumerman/jdk1.7.0_21/jre/lib/rt.jar
7f3800b21000-7f38015bd000 rw-p 00000000 00:00 0 
7f38015bd000-7f38015be000 ---p 00000000 00:00 0 
7f38015be000-7f38016be000 rw-p 00000000 00:00 0                          [stack:19534]
7f38016be000-7f38016bf000 ---p 00000000 00:00 0 
7f38016bf000-7f38017bf000 rw-p 00000000 00:00 0                          [stack:19533]
7f38017bf000-7f38017c0000 ---p 00000000 00:00 0 
7f38017c0000-7f38018c0000 rw-p 00000000 00:00 0                          [stack:19532]
7f38018c0000-7f38018c1000 ---p 00000000 00:00 0 
7f38018c1000-7f38019e6000 rw-p 00000000 00:00 0                          [stack:19530]
7f38019e6000-7f38019ea000 rw-p 00000000 00:00 0 
7f38019ea000-7f3801b38000 rw-p 00000000 00:00 0 
7f3801b38000-7f3801b8d000 rw-p 00000000 00:00 0 
7f3801b8d000-7f3801bb2000 rw-p 00000000 00:00 0 
7f3801bb2000-7f3801bb6000 rw-p 00000000 00:00 0 
7f3801bb6000-7f3801d04000 rw-p 00000000 00:00 0 
7f3801d04000-7f3801d58000 rw-p 00000000 00:00 0 
7f3801d58000-7f3801e24000 rw-p 00000000 00:00 0 
7f3801e24000-7f3801e2a000 ---p 00000000 00:00 0 
7f3801e2a000-7f3801e2b000 rw-p 00000000 00:00 0 
7f3801e2b000-7f3801e45000 r-xp 00000000 07:00 3522594                    /home/reumerman/jdk1.7.0_21/jre/lib/amd64/libzip.so
7f3801e45000-7f3802045000 ---p 0001a000 07:00 3522594                    /home/reumerman/jdk1.7.0_21/jre/lib/amd64/libzip.so
7f3802045000-7f3802046000 rw-p 0001a000 07:00 3522594                    /home/reumerman/jdk1.7.0_21/jre/lib/amd64/libzip.so
7f3802046000-7f3802052000 r-xp 00000000 07:00 2215953                    /lib/x86_64-linux-gnu/libnss_files-2.15.so
7f3802052000-7f3802251000 ---p 0000c000 07:00 2215953                    /lib/x86_64-linux-gnu/libnss_files-2.15.so
7f3802251000-7f3802252000 r--p 0000b000 07:00 2215953                    /lib/x86_64-linux-gnu/libnss_files-2.15.so
7f3802252000-7f3802253000 rw-p 0000c000 07:00 2215953                    /lib/x86_64-linux-gnu/libnss_files-2.15.so
7f3802253000-7f380225d000 r-xp 00000000 07:00 2215949                    /lib/x86_64-linux-gnu/libnss_nis-2.15.so
7f380225d000-7f380245d000 ---p 0000a000 07:00 2215949                    /lib/x86_64-linux-gnu/libnss_nis-2.15.so
7f380245d000-7f380245e000 r--p 0000a000 07:00 2215949                    /lib/x86_64-linux-gnu/libnss_nis-2.15.so
7f380245e000-7f380245f000 rw-p 0000b000 07:00 2215949                    /lib/x86_64-linux-gnu/libnss_nis-2.15.so
7f380245f000-7f3802476000 r-xp 00000000 07:00 2215962                    /lib/x86_64-linux-gnu/libnsl-2.15.so
7f3802476000-7f3802675000 ---p 00017000 07:00 2215962                    /lib/x86_64-linux-gnu/libnsl-2.15.so
7f3802675000-7f3802676000 r--p 00016000 07:00 2215962                    /lib/x86_64-linux-gnu/libnsl-2.15.so
7f3802676000-7f3802677000 rw-p 00017000 07:00 2215962                    /lib/x86_64-linux-gnu/libnsl-2.15.so
7f3802677000-7f3802679000 rw-p 00000000 00:00 0 
7f3802679000-7f3802681000 r-xp 00000000 07:00 2215954                    /lib/x86_64-linux-gnu/libnss_compat-2.15.so
7f3802681000-7f3802880000 ---p 00008000 07:00 2215954                    /lib/x86_64-linux-gnu/libnss_compat-2.15.so
7f3802880000-7f3802881000 r--p 00007000 07:00 2215954                    /lib/x86_64-linux-gnu/libnss_compat-2.15.so
7f3802881000-7f3802882000 rw-p 00008000 07:00 2215954                    /lib/x86_64-linux-gnu/libnss_compat-2.15.so
7f3802882000-7f3802a0b000 r--p 00000000 07:00 3547137                    /usr/lib/locale/locale-archive
7f3802a0b000-7f3802a0e000 r-xp 00000000 07:00 3522561                    /home/reumerman/jdk1.7.0_21/jre/lib/amd64/libnpt.so
7f3802a0e000-7f3802c0d000 ---p 00003000 07:00 3522561                    /home/reumerman/jdk1.7.0_21/jre/lib/amd64/libnpt.so
7f3802c0d000-7f3802c0e000 rw-p 00002000 07:00 3522561                    /home/reumerman/jdk1.7.0_21/jre/lib/amd64/libnpt.so
7f3802c0e000-7f3802c47000 r-xp 00000000 07:00 3522597                    /home/reumerman/jdk1.7.0_21/jre/lib/amd64/libjdwp.so
7f3802c47000-7f3802e46000 ---p 00039000 07:00 3522597                    /home/reumerman/jdk1.7.0_21/jre/lib/amd64/libjdwp.so
7f3802e46000-7f3802e48000 rw-p 00038000 07:00 3522597                    /home/reumerman/jdk1.7.0_21/jre/lib/amd64/libjdwp.so
7f3802e48000-7f3802e71000 r-xp 00000000 07:00 3522584                    /home/reumerman/jdk1.7.0_21/jre/lib/amd64/libjava.so
7f3802e71000-7f3803071000 ---p 00029000 07:00 3522584                    /home/reumerman/jdk1.7.0_21/jre/lib/amd64/libjava.so
7f3803071000-7f3803073000 rw-p 00029000 07:00 3522584                    /home/reumerman/jdk1.7.0_21/jre/lib/amd64/libjava.so
7f3803073000-7f3803080000 r-xp 00000000 07:00 3522582                    /home/reumerman/jdk1.7.0_21/jre/lib/amd64/libverify.so
7f3803080000-7f380327f000 ---p 0000d000 07:00 3522582                    /home/reumerman/jdk1.7.0_21/jre/lib/amd64/libverify.so
7f380327f000-7f3803281000 rw-p 0000c000 07:00 3522582                    /home/reumerman/jdk1.7.0_21/jre/lib/amd64/libverify.so
7f3803281000-7f3803288000 r-xp 00000000 07:00 2215947                    /lib/x86_64-linux-gnu/librt-2.15.so
7f3803288000-7f3803487000 ---p 00007000 07:00 2215947                    /lib/x86_64-linux-gnu/librt-2.15.so
7f3803487000-7f3803488000 r--p 00006000 07:00 2215947                    /lib/x86_64-linux-gnu/librt-2.15.so
7f3803488000-7f3803489000 rw-p 00007000 07:00 2215947                    /lib/x86_64-linux-gnu/librt-2.15.so
7f3803489000-7f3803584000 r-xp 00000000 07:00 2215951                    /lib/x86_64-linux-gnu/libm-2.15.so
7f3803584000-7f3803783000 ---p 000fb000 07:00 2215951                    /lib/x86_64-linux-gnu/libm-2.15.so
7f3803783000-7f3803784000 r--p 000fa000 07:00 2215951                    /lib/x86_64-linux-gnu/libm-2.15.so
7f3803784000-7f3803785000 rw-p 000fb000 07:00 2215951                    /lib/x86_64-linux-gnu/libm-2.15.so
7f3803785000-7f38041cf000 r-xp 00000000 07:00 408580                     /home/reumerman/jdk1.7.0_21/jre/lib/amd64/server/libjvm.so
7f38041cf000-7f38043ce000 ---p 00a4a000 07:00 408580                     /home/reumerman/jdk1.7.0_21/jre/lib/amd64/server/libjvm.so
7f38043ce000-7f3804472000 rw-p 00a49000 07:00 408580                     /home/reumerman/jdk1.7.0_21/jre/lib/amd64/server/libjvm.so
7f3804472000-7f38044ad000 rw-p 00000000 00:00 0 
7f38044ad000-7f3804662000 r-xp 00000000 07:00 2215943                    /lib/x86_64-linux-gnu/libc-2.15.so
7f3804662000-7f3804861000 ---p 001b5000 07:00 2215943                    /lib/x86_64-linux-gnu/libc-2.15.so
7f3804861000-7f3804865000 r--p 001b4000 07:00 2215943                    /lib/x86_64-linux-gnu/libc-2.15.so
7f3804865000-7f3804867000 rw-p 001b8000 07:00 2215943                    /lib/x86_64-linux-gnu/libc-2.15.so
7f3804867000-7f380486c000 rw-p 00000000 00:00 0 
7f380486c000-7f380486e000 r-xp 00000000 07:00 2215942                    /lib/x86_64-linux-gnu/libdl-2.15.so
7f380486e000-7f3804a6e000 ---p 00002000 07:00 2215942                    /lib/x86_64-linux-gnu/libdl-2.15.so
7f3804a6e000-7f3804a6f000 r--p 00002000 07:00 2215942                    /lib/x86_64-linux-gnu/libdl-2.15.so
7f3804a6f000-7f3804a70000 rw-p 00003000 07:00 2215942                    /lib/x86_64-linux-gnu/libdl-2.15.so
7f3804a70000-7f3804a86000 r-xp 00000000 07:00 404603                     /home/reumerman/jdk1.7.0_21/jre/lib/amd64/jli/libjli.so
7f3804a86000-7f3804c86000 ---p 00016000 07:00 404603                     /home/reumerman/jdk1.7.0_21/jre/lib/amd64/jli/libjli.so
7f3804c86000-7f3804c87000 rw-p 00016000 07:00 404603                     /home/reumerman/jdk1.7.0_21/jre/lib/amd64/jli/libjli.so
7f3804c87000-7f3804c9f000 r-xp 00000000 07:00 2215945                    /lib/x86_64-linux-gnu/libpthread-2.15.so
7f3804c9f000-7f3804e9e000 ---p 00018000 07:00 2215945                    /lib/x86_64-linux-gnu/libpthread-2.15.so
7f3804e9e000-7f3804e9f000 r--p 00017000 07:00 2215945                    /lib/x86_64-linux-gnu/libpthread-2.15.so
7f3804e9f000-7f3804ea0000 rw-p 00018000 07:00 2215945                    /lib/x86_64-linux-gnu/libpthread-2.15.so
7f3804ea0000-7f3804ea4000 rw-p 00000000 00:00 0 
7f3804ea4000-7f3804ec6000 r-xp 00000000 07:00 2215957                    /lib/x86_64-linux-gnu/ld-2.15.so
7f3804ec6000-7f3804ec8000 r--s 0000d000 07:00 1759248                    /home/reumerman/webprotege/war/WEB-INF/lib/commons-logging-1.1.1.jar
7f3804ec8000-7f3804ecc000 r--s 00029000 07:00 1759247                    /home/reumerman/webprotege/war/WEB-INF/lib/commons-io-2.3.jar
7f3804ecc000-7f3804ed2000 r--s 00045000 07:00 1759246                    /home/reumerman/webprotege/war/WEB-INF/lib/commons-httpclient-3.1.jar
7f3804ed2000-7f3804ed4000 r--s 0000d000 07:00 1759245                    /home/reumerman/webprotege/war/WEB-INF/lib/commons-fileupload-1.2.2.jar
7f3804ed4000-7f3804eda000 r--s 00033000 07:00 1759244                    /home/reumerman/webprotege/war/WEB-INF/lib/commons-codec-1.6.jar
7f3804eda000-7f3804edc000 r--s 00006000 07:00 1759243                    /home/reumerman/webprotege/war/WEB-INF/lib/commons-codec-1.2.jar
7f3804edc000-7f3804ee2000 r--s 00049000 07:00 1759242                    /home/reumerman/webprotege/war/WEB-INF/lib/cglib-nodep-2.2.3.jar
7f3804ee2000-7f3804f20000 rw-p 00000000 00:00 0 
7f3804f20000-7f3804fa2000 rw-p 00000000 00:00 0 
7f3804fa2000-7f3804fa5000 ---p 00000000 00:00 0 
7f3804fa5000-7f38050a7000 rw-p 00000000 00:00 0                          [stack:19528]
7f38050a7000-7f38050a8000 r--s 00002000 07:00 1759279                    /home/reumerman/webprotege/war/WEB-INF/lib/recaptcha4j-0.0.7.jar
7f38050a8000-7f38050a9000 r--s 00004000 07:00 1759268                    /home/reumerman/webprotege/war/WEB-INF/lib/opencsv-2.3.jar
7f38050a9000-7f38050ac000 r--s 0001a000 07:00 1759258                    /home/reumerman/webprotege/war/WEB-INF/lib/httpclient-cache-4.2.1.jar
7f38050ac000-7f38050ae000 r--s 00007000 07:00 1759241                    /home/reumerman/webprotege/war/WEB-INF/lib/bioportal-services-lib.jar
7f38050ae000-7f38050b4000 r--s 0002e000 07:00 1759240                    /home/reumerman/webprotege/war/WEB-INF/lib/binaryowl-1.4.0.jar
7f38050b4000-7f38050b6000 r--s 00000000 07:00 1759239                    /home/reumerman/webprotege/war/WEB-INF/lib/aopalliance-1.0.jar
7f38050b6000-7f38050b9000 r--s 000f7000 07:00 411715                     /home/reumerman/jdk1.7.0_21/jre/lib/ext/localedata.jar
7f38050b9000-7f38050ba000 rw-p 00000000 00:00 0 
7f38050ba000-7f38050c2000 rw-s 00000000 07:00 17602                      /tmp/hsperfdata_reumerman/19525
7f38050c2000-7f38050c3000 rw-p 00000000 00:00 0 
7f38050c3000-7f38050c4000 r--p 00000000 00:00 0 
7f38050c4000-7f38050c6000 rw-p 00000000 00:00 0 
7f38050c6000-7f38050c7000 r--p 00022000 07:00 2215957                    /lib/x86_64-linux-gnu/ld-2.15.so
7f38050c7000-7f38050c9000 rw-p 00023000 07:00 2215957                    /lib/x86_64-linux-gnu/ld-2.15.so
7ffff82d6000-7ffff82f9000 rw-p 00000000 00:00 0                          [stack]
7ffff83ff000-7ffff8400000 r-xp 00000000 00:00 0                          [vdso]
ffffffffff600000-ffffffffff601000 r-xp 00000000 00:00 0                  [vsyscall]

VM Arguments:
jvm_args: -Xmx1256M -agentlib:jdwp=transport=dt_socket,address=8100,server=y,suspend=n -Xms1000M 
java_command: com.google.gwt.dev.DevMode -war /home/reumerman/webprotege/build/war edu.stanford.bmir.protege.web.WebProtege -startupUrl WebProtege.html
Launcher Type: SUN_STANDARD

Environment Variables:
JAVA_HOME=/home/reumerman/jdk1.7.0_21
PATH=/home/reumerman/bin:/usr/lib/lightdm/lightdm:/usr/local/sbin:/usr/local/bin:/usr/sbin:/usr/bin:/sbin:/bin:/usr/games:/opt/mysql/server-5.6/bin:/home/reumerman/jdk1.7.0_21/bin:/home/reumerman//apache-maven-3.0.5/bin:/home/reumerman/apache-ant-1.9.0/bin
SHELL=/bin/bash
DISPLAY=:0

Signal Handlers:
SIGSEGV: [libjvm.so+0x8a80e0], sa_mask[0]=0x7ffbfeff, sa_flags=0x10000004
SIGBUS: [libjvm.so+0x8a80e0], sa_mask[0]=0x7ffbfeff, sa_flags=0x10000004
SIGFPE: [libjvm.so+0x744170], sa_mask[0]=0x7ffbfeff, sa_flags=0x10000004
SIGPIPE: [libjvm.so+0x744170], sa_mask[0]=0x7ffbfeff, sa_flags=0x10000004
SIGXFSZ: [libjvm.so+0x744170], sa_mask[0]=0x7ffbfeff, sa_flags=0x10000004
SIGILL: [libjvm.so+0x744170], sa_mask[0]=0x7ffbfeff, sa_flags=0x10000004
SIGUSR1: SIG_DFL, sa_mask[0]=0x00000000, sa_flags=0x00000000
SIGUSR2: [libjvm.so+0x743ac0], sa_mask[0]=0x00000004, sa_flags=0x10000004
SIGHUP: [libjvm.so+0x745e50], sa_mask[0]=0x7ffbfeff, sa_flags=0x10000004
SIGINT: [libjvm.so+0x745e50], sa_mask[0]=0x7ffbfeff, sa_flags=0x10000004
SIGTERM: [libjvm.so+0x745e50], sa_mask[0]=0x7ffbfeff, sa_flags=0x10000004
SIGQUIT: [libjvm.so+0x745e50], sa_mask[0]=0x7ffbfeff, sa_flags=0x10000004


---------------  S Y S T E M  ---------------

OS:wheezy/sid

uname:Linux 3.5.0-40-generic #62~precise1-Ubuntu SMP Fri Aug 23 17:38:26 UTC 2013 x86_64
libc:glibc 2.15 NPTL 2.15 
rlimit: STACK 8192k, CORE 0k, NPROC 62781, NOFILE 4096, AS infinity
load average:0.94 1.50 1.09

/proc/meminfo:
MemTotal:        8054776 kB
MemFree:         1406348 kB
Buffers:          943164 kB
Cached:          1593720 kB
SwapCached:         8136 kB
Active:          3672404 kB
Inactive:        2559536 kB
Active(anon):    2893176 kB
Inactive(anon):  1141508 kB
Active(file):     779228 kB
Inactive(file):  1418028 kB
Unevictable:        2676 kB
Mlocked:               0 kB
SwapTotal:        262140 kB
SwapFree:          93200 kB
Dirty:            116400 kB
Writeback:             0 kB
AnonPages:       3689772 kB
Mapped:           186104 kB
Shmem:            336752 kB
Slab:             274196 kB
SReclaimable:     219020 kB
SUnreclaim:        55176 kB
KernelStack:        5952 kB
PageTables:        43196 kB
NFS_Unstable:          0 kB
Bounce:                0 kB
WritebackTmp:          0 kB
CommitLimit:     4289528 kB
Committed_AS:    7814252 kB
VmallocTotal:   34359738367 kB
VmallocUsed:      414892 kB
VmallocChunk:   34359314216 kB
HardwareCorrupted:     0 kB
AnonHugePages:         0 kB
HugePages_Total:       0
HugePages_Free:        0
HugePages_Rsvd:        0
HugePages_Surp:        0
Hugepagesize:       2048 kB
DirectMap4k:      106496 kB
DirectMap2M:     8167424 kB


CPU:total 4 (2 cores per cpu, 2 threads per core) family 6 model 42 stepping 7, cmov, cx8, fxsr, mmx, sse, sse2, sse3, ssse3, sse4.1, sse4.2, popcnt, avx, ht, tsc, tscinvbit

/proc/cpuinfo:
processor	: 0
vendor_id	: GenuineIntel
cpu family	: 6
model		: 42
model name	: Intel(R) Core(TM) i7-2620M CPU @ 2.70GHz
stepping	: 7
microcode	: 0x12
cpu MHz		: 2701.000
cache size	: 4096 KB
physical id	: 0
siblings	: 4
core id		: 0
cpu cores	: 2
apicid		: 0
initial apicid	: 0
fpu		: yes
fpu_exception	: yes
cpuid level	: 13
wp		: yes
flags		: fpu vme de pse tsc msr pae mce cx8 apic sep mtrr pge mca cmov pat pse36 clflush dts acpi mmx fxsr sse sse2 ss ht tm pbe syscall nx rdtscp lm constant_tsc arch_perfmon pebs bts rep_good nopl xtopology nonstop_tsc aperfmperf pni pclmulqdq dtes64 monitor ds_cpl vmx smx est tm2 ssse3 cx16 xtpr pdcm pcid sse4_1 sse4_2 x2apic popcnt tsc_deadline_timer aes xsave avx lahf_lm ida arat epb xsaveopt pln pts dtherm tpr_shadow vnmi flexpriority ept vpid
bogomips	: 5387.74
clflush size	: 64
cache_alignment	: 64
address sizes	: 36 bits physical, 48 bits virtual
power management:

processor	: 1
vendor_id	: GenuineIntel
cpu family	: 6
model		: 42
model name	: Intel(R) Core(TM) i7-2620M CPU @ 2.70GHz
stepping	: 7
microcode	: 0x12
cpu MHz		: 2701.000
cache size	: 4096 KB
physical id	: 0
siblings	: 4
core id		: 1
cpu cores	: 2
apicid		: 2
initial apicid	: 2
fpu		: yes
fpu_exception	: yes
cpuid level	: 13
wp		: yes
flags		: fpu vme de pse tsc msr pae mce cx8 apic sep mtrr pge mca cmov pat pse36 clflush dts acpi mmx fxsr sse sse2 ss ht tm pbe syscall nx rdtscp lm constant_tsc arch_perfmon pebs bts rep_good nopl xtopology nonstop_tsc aperfmperf pni pclmulqdq dtes64 monitor ds_cpl vmx smx est tm2 ssse3 cx16 xtpr pdcm pcid sse4_1 sse4_2 x2apic popcnt tsc_deadline_timer aes xsave avx lahf_lm ida arat epb xsaveopt pln pts dtherm tpr_shadow vnmi flexpriority ept vpid
bogomips	: 5387.74
clflush size	: 64
cache_alignment	: 64
address sizes	: 36 bits physical, 48 bits virtual
power management:

processor	: 2
vendor_id	: GenuineIntel
cpu family	: 6
model		: 42
model name	: Intel(R) Core(TM) i7-2620M CPU @ 2.70GHz
stepping	: 7
microcode	: 0x12
cpu MHz		: 2701.000
cache size	: 4096 KB
physical id	: 0
siblings	: 4
core id		: 0
cpu cores	: 2
apicid		: 1
initial apicid	: 1
fpu		: yes
fpu_exception	: yes
cpuid level	: 13
wp		: yes
flags		: fpu vme de pse tsc msr pae mce cx8 apic sep mtrr pge mca cmov pat pse36 clflush dts acpi mmx fxsr sse sse2 ss ht tm pbe syscall nx rdtscp lm constant_tsc arch_perfmon pebs bts rep_good nopl xtopology nonstop_tsc aperfmperf pni pclmulqdq dtes64 monitor ds_cpl vmx smx est tm2 ssse3 cx16 xtpr pdcm pcid sse4_1 sse4_2 x2apic popcnt tsc_deadline_timer aes xsave avx lahf_lm ida arat epb xsaveopt pln pts dtherm tpr_shadow vnmi flexpriority ept vpid
bogomips	: 5387.74
clflush size	: 64
cache_alignment	: 64
address sizes	: 36 bits physical, 48 bits virtual
power management:

processor	: 3
vendor_id	: GenuineIntel
cpu family	: 6
model		: 42
model name	: Intel(R) Core(TM) i7-2620M CPU @ 2.70GHz
stepping	: 7
microcode	: 0x12
cpu MHz		: 2701.000
cache size	: 4096 KB
physical id	: 0
siblings	: 4
core id		: 1
cpu cores	: 2
apicid		: 3
initial apicid	: 3
fpu		: yes
fpu_exception	: yes
cpuid level	: 13
wp		: yes
flags		: fpu vme de pse tsc msr pae mce cx8 apic sep mtrr pge mca cmov pat pse36 clflush dts acpi mmx fxsr sse sse2 ss ht tm pbe syscall nx rdtscp lm constant_tsc arch_perfmon pebs bts rep_good nopl xtopology nonstop_tsc aperfmperf pni pclmulqdq dtes64 monitor ds_cpl vmx smx est tm2 ssse3 cx16 xtpr pdcm pcid sse4_1 sse4_2 x2apic popcnt tsc_deadline_timer aes xsave avx lahf_lm ida arat epb xsaveopt pln pts dtherm tpr_shadow vnmi flexpriority ept vpid
bogomips	: 5387.74
clflush size	: 64
cache_alignment	: 64
address sizes	: 36 bits physical, 48 bits virtual
power management:



Memory: 4k page, physical 8054776k(1406348k free), swap 262140k(93200k free)

vm_info: Java HotSpot(TM) 64-Bit Server VM (23.21-b01) for linux-amd64 JRE (1.7.0_21-b11), built on Apr  4 2013 04:03:29 by "java_re" with gcc 4.3.0 20080428 (Red Hat 4.3.0-8)

time: Thu Jan 23 08:38:55 2014
elapsed time: 32005 seconds

